#
# There is insufficient memory for the Java Runtime Environment to continue.
# Native memory allocation (malloc) failed to allocate 254576 bytes for Chunk::new
# Possible reasons:
#   The system is out of physical RAM or swap space
#   The process is running with CompressedOops enabled, and the Java Heap may be blocking the growth of the native heap
# Possible solutions:
#   Reduce memory load on the system
#   Increase physical memory or swap space
#   Check if swap backing store is full
#   Decrease Java heap size (-Xmx/-Xms)
#   Decrease number of Java threads
#   Decrease Java thread stack sizes (-Xss)
#   Set larger code cache with -XX:ReservedCodeCacheSize=
#   JVM is running with Unscaled Compressed Oops mode in which the Java heap is
#     placed in the first 4GB address space. The Java Heap base address is the
#     maximum limit for the native heap growth. Please use -XX:HeapBaseMinAddress
#     to set the Java Heap base and to place the Java Heap above 4GB virtual address.
# This output file may be truncated or incomplete.
#
#  Out of Memory Error (arena.cpp:168), pid=6572, tid=7716
#
# JRE version: Java(TM) SE Runtime Environment (21.0.7+8) (build 21.0.7+8-LTS-245)
# Java VM: Java HotSpot(TM) 64-Bit Server VM (21.0.7+8-LTS-245, mixed mode, sharing, tiered, compressed oops, compressed class ptrs, g1 gc, windows-amd64)
# No core dump will be written. Minidumps are not enabled by default on client versions of Windows
#

---------------  S U M M A R Y ------------

Command Line: -Dfile.encoding=UTF-8 -Ddb2.jcc.charsetDecoderEncoder=3 com.ibm.db2.server.DssLauncher 3000 off c:\Users\Isuru\AppData\Roaming\Code\logs\20250714T150653\window1\exthost\IBM.db2forzosdeveloperextension -Xmx256M

Host: 11th Gen Intel(R) Core(TM) i3-1115G4 @ 3.00GHz, 4 cores, 7G,  Windows 11 , 64 bit Build 26100 (10.0.26100.4202)
Time: Mon Jul 14 15:07:26 2025 Sri Lanka Standard Time elapsed time: 1.906002 seconds (0d 0h 0m 1s)

---------------  T H R E A D  ---------------

Current thread (0x00000232453215f0):  JavaThread "C2 CompilerThread1" daemon [_thread_in_native, id=7716, stack(0x0000004a88900000,0x0000004a88a00000) (1024K)]


Current CompileTask:
C2:   1906  742       4       java.io.DataInputStream::readUTF (501 bytes)

Stack: [0x0000004a88900000,0x0000004a88a00000]
Native frames: (J=compiled Java code, j=interpreted, Vv=VM code, C=native code)
V  [jvm.dll+0x6cae19]
V  [jvm.dll+0x855741]
V  [jvm.dll+0x857c6e]
V  [jvm.dll+0x858343]
V  [jvm.dll+0x27e0b6]
V  [jvm.dll+0xc4ecd]
V  [jvm.dll+0xc5403]
V  [jvm.dll+0x2f145d]
V  [jvm.dll+0x5f5a8a]
V  [jvm.dll+0x24fbc2]
V  [jvm.dll+0x24ff7f]
V  [jvm.dll+0x248a9c]
V  [jvm.dll+0x246004]
V  [jvm.dll+0x1c6efe]
V  [jvm.dll+0x255819]
V  [jvm.dll+0x253daa]
V  [jvm.dll+0x3eebb6]
V  [jvm.dll+0x7ffa1b]
V  [jvm.dll+0x6c94fd]
C  [ucrtbase.dll+0x37b0]
C  [KERNEL32.DLL+0x2e8d7]
C  [ntdll.dll+0x3c34c]


---------------  P R O C E S S  ---------------

Threads class SMR info:
_java_thread_list=0x0000023245345c60, length=12, elements={
0x0000023261af9770, 0x000002327fb88cc0, 0x000002327fb8a630, 0x000002327fb91b00,
0x000002327fb92750, 0x000002327fb951b0, 0x000002327fb95c00, 0x000002327fb96980,
0x000002327fb9c440, 0x00000232450e0b70, 0x00000232450e7bc0, 0x00000232453215f0
}

Java Threads: ( => current thread )
  0x0000023261af9770 JavaThread "main"                              [_thread_in_Java, id=16212, stack(0x0000004a87700000,0x0000004a87800000) (1024K)]
  0x000002327fb88cc0 JavaThread "Reference Handler"          daemon [_thread_blocked, id=7656, stack(0x0000004a87f00000,0x0000004a88000000) (1024K)]
  0x000002327fb8a630 JavaThread "Finalizer"                  daemon [_thread_blocked, id=7112, stack(0x0000004a88000000,0x0000004a88100000) (1024K)]
  0x000002327fb91b00 JavaThread "Signal Dispatcher"          daemon [_thread_blocked, id=14936, stack(0x0000004a88100000,0x0000004a88200000) (1024K)]
  0x000002327fb92750 JavaThread "Attach Listener"            daemon [_thread_blocked, id=9044, stack(0x0000004a88200000,0x0000004a88300000) (1024K)]
  0x000002327fb951b0 JavaThread "Service Thread"             daemon [_thread_blocked, id=12776, stack(0x0000004a88300000,0x0000004a88400000) (1024K)]
  0x000002327fb95c00 JavaThread "Monitor Deflation Thread"   daemon [_thread_blocked, id=16668, stack(0x0000004a88400000,0x0000004a88500000) (1024K)]
  0x000002327fb96980 JavaThread "C2 CompilerThread0"         daemon [_thread_in_native, id=2844, stack(0x0000004a88500000,0x0000004a88600000) (1024K)]
  0x000002327fb9c440 JavaThread "C1 CompilerThread0"         daemon [_thread_blocked, id=17200, stack(0x0000004a88600000,0x0000004a88700000) (1024K)]
  0x00000232450e0b70 JavaThread "Notification Thread"        daemon [_thread_blocked, id=16904, stack(0x0000004a88700000,0x0000004a88800000) (1024K)]
  0x00000232450e7bc0 JavaThread "Common-Cleaner"             daemon [_thread_blocked, id=2484, stack(0x0000004a88800000,0x0000004a88900000) (1024K)]
=>0x00000232453215f0 JavaThread "C2 CompilerThread1"         daemon [_thread_in_native, id=7716, stack(0x0000004a88900000,0x0000004a88a00000) (1024K)]
Total: 12

Other Threads:
  0x000002327fb693e0 VMThread "VM Thread"                           [id=10664, stack(0x0000004a87e00000,0x0000004a87f00000) (1024K)]
  0x000002327fb54dc0 WatcherThread "VM Periodic Task Thread"        [id=14272, stack(0x0000004a87d00000,0x0000004a87e00000) (1024K)]
  0x0000023261b4bbe0 WorkerThread "GC Thread#0"                     [id=10656, stack(0x0000004a87800000,0x0000004a87900000) (1024K)]
  0x0000023261b5c500 ConcurrentGCThread "G1 Main Marker"            [id=17712, stack(0x0000004a87900000,0x0000004a87a00000) (1024K)]
  0x0000023261b5d000 WorkerThread "G1 Conc#0"                       [id=17016, stack(0x0000004a87a00000,0x0000004a87b00000) (1024K)]
  0x0000023261bbe290 ConcurrentGCThread "G1 Refine#0"               [id=4968, stack(0x0000004a87b00000,0x0000004a87c00000) (1024K)]
  0x000002327fa260e0 ConcurrentGCThread "G1 Service"                [id=12008, stack(0x0000004a87c00000,0x0000004a87d00000) (1024K)]
Total: 7

Threads with active compile tasks:
C2 CompilerThread0     2027  797   !   4       java.util.concurrent.ConcurrentHashMap::putVal (432 bytes)
C2 CompilerThread1     2027  742       4       java.io.DataInputStream::readUTF (501 bytes)
Total: 2

VM state: not at safepoint (normal execution)

VM Mutex/Monitor currently owned by a thread: None

Heap address: 0x0000000083600000, size: 1994 MB, Compressed Oops mode: 32-bit

CDS archive(s) mapped at: [0x0000023200000000-0x0000023200c90000-0x0000023200c90000), size 13172736, SharedBaseAddress: 0x0000023200000000, ArchiveRelocationMode: 1.
Compressed class space mapped at: 0x0000023201000000-0x0000023241000000, reserved size: 1073741824
Narrow klass base: 0x0000023200000000, Narrow klass shift: 0, Narrow klass range: 0x100000000

GC Precious Log:
 CardTable entry size: 512
 Card Set container configuration: InlinePtr #cards 5 size 8 Array Of Cards #cards 12 size 40 Howl #buckets 4 coarsen threshold 1843 Howl Bitmap #cards 512 size 80 coarsen threshold 460 Card regions per heap region 1 cards per card region 2048
 CPUs: 4 total, 4 available
 Memory: 7971M
 Large Page Support: Disabled
 NUMA Support: Disabled
 Compressed Oops: Enabled (32-bit)
 Heap Region Size: 1M
 Heap Min Capacity: 8M
 Heap Initial Capacity: 126M
 Heap Max Capacity: 1994M
 Pre-touch: Disabled
 Parallel Workers: 4
 Concurrent Workers: 1
 Concurrent Refinement Workers: 4
 Periodic GC: Disabled

Heap:
 garbage-first heap   total 129024K, used 11264K [0x0000000083600000, 0x0000000100000000)
  region size 1024K, 11 young (11264K), 0 survivors (0K)
 Metaspace       used 3773K, committed 3904K, reserved 1114112K
  class space    used 418K, committed 512K, reserved 1048576K

Heap Regions: E=young(eden), S=young(survivor), O=old, HS=humongous(starts), HC=humongous(continues), CS=collection set, F=free, TAMS=top-at-mark-start, PB=parsable bottom
|   0|0x0000000083600000, 0x0000000083700000, 0x0000000083700000|100%|HS|  |TAMS 0x0000000083600000| PB 0x0000000083600000| Complete 
|   1|0x0000000083700000, 0x0000000083700000, 0x0000000083800000|  0%| F|  |TAMS 0x0000000083700000| PB 0x0000000083700000| Untracked 
|   2|0x0000000083800000, 0x0000000083800000, 0x0000000083900000|  0%| F|  |TAMS 0x0000000083800000| PB 0x0000000083800000| Untracked 
|   3|0x0000000083900000, 0x0000000083900000, 0x0000000083a00000|  0%| F|  |TAMS 0x0000000083900000| PB 0x0000000083900000| Untracked 
|   4|0x0000000083a00000, 0x0000000083a00000, 0x0000000083b00000|  0%| F|  |TAMS 0x0000000083a00000| PB 0x0000000083a00000| Untracked 
|   5|0x0000000083b00000, 0x0000000083b00000, 0x0000000083c00000|  0%| F|  |TAMS 0x0000000083b00000| PB 0x0000000083b00000| Untracked 
|   6|0x0000000083c00000, 0x0000000083c00000, 0x0000000083d00000|  0%| F|  |TAMS 0x0000000083c00000| PB 0x0000000083c00000| Untracked 
|   7|0x0000000083d00000, 0x0000000083d00000, 0x0000000083e00000|  0%| F|  |TAMS 0x0000000083d00000| PB 0x0000000083d00000| Untracked 
|   8|0x0000000083e00000, 0x0000000083e00000, 0x0000000083f00000|  0%| F|  |TAMS 0x0000000083e00000| PB 0x0000000083e00000| Untracked 
|   9|0x0000000083f00000, 0x0000000083f00000, 0x0000000084000000|  0%| F|  |TAMS 0x0000000083f00000| PB 0x0000000083f00000| Untracked 
|  10|0x0000000084000000, 0x0000000084000000, 0x0000000084100000|  0%| F|  |TAMS 0x0000000084000000| PB 0x0000000084000000| Untracked 
|  11|0x0000000084100000, 0x0000000084100000, 0x0000000084200000|  0%| F|  |TAMS 0x0000000084100000| PB 0x0000000084100000| Untracked 
|  12|0x0000000084200000, 0x0000000084200000, 0x0000000084300000|  0%| F|  |TAMS 0x0000000084200000| PB 0x0000000084200000| Untracked 
|  13|0x0000000084300000, 0x0000000084300000, 0x0000000084400000|  0%| F|  |TAMS 0x0000000084300000| PB 0x0000000084300000| Untracked 
|  14|0x0000000084400000, 0x0000000084400000, 0x0000000084500000|  0%| F|  |TAMS 0x0000000084400000| PB 0x0000000084400000| Untracked 
|  15|0x0000000084500000, 0x0000000084500000, 0x0000000084600000|  0%| F|  |TAMS 0x0000000084500000| PB 0x0000000084500000| Untracked 
|  16|0x0000000084600000, 0x0000000084600000, 0x0000000084700000|  0%| F|  |TAMS 0x0000000084600000| PB 0x0000000084600000| Untracked 
|  17|0x0000000084700000, 0x0000000084700000, 0x0000000084800000|  0%| F|  |TAMS 0x0000000084700000| PB 0x0000000084700000| Untracked 
|  18|0x0000000084800000, 0x0000000084800000, 0x0000000084900000|  0%| F|  |TAMS 0x0000000084800000| PB 0x0000000084800000| Untracked 
|  19|0x0000000084900000, 0x0000000084900000, 0x0000000084a00000|  0%| F|  |TAMS 0x0000000084900000| PB 0x0000000084900000| Untracked 
|  20|0x0000000084a00000, 0x0000000084a00000, 0x0000000084b00000|  0%| F|  |TAMS 0x0000000084a00000| PB 0x0000000084a00000| Untracked 
|  21|0x0000000084b00000, 0x0000000084b00000, 0x0000000084c00000|  0%| F|  |TAMS 0x0000000084b00000| PB 0x0000000084b00000| Untracked 
|  22|0x0000000084c00000, 0x0000000084c00000, 0x0000000084d00000|  0%| F|  |TAMS 0x0000000084c00000| PB 0x0000000084c00000| Untracked 
|  23|0x0000000084d00000, 0x0000000084d00000, 0x0000000084e00000|  0%| F|  |TAMS 0x0000000084d00000| PB 0x0000000084d00000| Untracked 
|  24|0x0000000084e00000, 0x0000000084e00000, 0x0000000084f00000|  0%| F|  |TAMS 0x0000000084e00000| PB 0x0000000084e00000| Untracked 
|  25|0x0000000084f00000, 0x0000000084f00000, 0x0000000085000000|  0%| F|  |TAMS 0x0000000084f00000| PB 0x0000000084f00000| Untracked 
|  26|0x0000000085000000, 0x0000000085000000, 0x0000000085100000|  0%| F|  |TAMS 0x0000000085000000| PB 0x0000000085000000| Untracked 
|  27|0x0000000085100000, 0x0000000085100000, 0x0000000085200000|  0%| F|  |TAMS 0x0000000085100000| PB 0x0000000085100000| Untracked 
|  28|0x0000000085200000, 0x0000000085200000, 0x0000000085300000|  0%| F|  |TAMS 0x0000000085200000| PB 0x0000000085200000| Untracked 
|  29|0x0000000085300000, 0x0000000085300000, 0x0000000085400000|  0%| F|  |TAMS 0x0000000085300000| PB 0x0000000085300000| Untracked 
|  30|0x0000000085400000, 0x0000000085400000, 0x0000000085500000|  0%| F|  |TAMS 0x0000000085400000| PB 0x0000000085400000| Untracked 
|  31|0x0000000085500000, 0x0000000085500000, 0x0000000085600000|  0%| F|  |TAMS 0x0000000085500000| PB 0x0000000085500000| Untracked 
|  32|0x0000000085600000, 0x0000000085600000, 0x0000000085700000|  0%| F|  |TAMS 0x0000000085600000| PB 0x0000000085600000| Untracked 
|  33|0x0000000085700000, 0x0000000085700000, 0x0000000085800000|  0%| F|  |TAMS 0x0000000085700000| PB 0x0000000085700000| Untracked 
|  34|0x0000000085800000, 0x0000000085800000, 0x0000000085900000|  0%| F|  |TAMS 0x0000000085800000| PB 0x0000000085800000| Untracked 
|  35|0x0000000085900000, 0x0000000085900000, 0x0000000085a00000|  0%| F|  |TAMS 0x0000000085900000| PB 0x0000000085900000| Untracked 
|  36|0x0000000085a00000, 0x0000000085a00000, 0x0000000085b00000|  0%| F|  |TAMS 0x0000000085a00000| PB 0x0000000085a00000| Untracked 
|  37|0x0000000085b00000, 0x0000000085b00000, 0x0000000085c00000|  0%| F|  |TAMS 0x0000000085b00000| PB 0x0000000085b00000| Untracked 
|  38|0x0000000085c00000, 0x0000000085c00000, 0x0000000085d00000|  0%| F|  |TAMS 0x0000000085c00000| PB 0x0000000085c00000| Untracked 
|  39|0x0000000085d00000, 0x0000000085d00000, 0x0000000085e00000|  0%| F|  |TAMS 0x0000000085d00000| PB 0x0000000085d00000| Untracked 
|  40|0x0000000085e00000, 0x0000000085e00000, 0x0000000085f00000|  0%| F|  |TAMS 0x0000000085e00000| PB 0x0000000085e00000| Untracked 
|  41|0x0000000085f00000, 0x0000000085f00000, 0x0000000086000000|  0%| F|  |TAMS 0x0000000085f00000| PB 0x0000000085f00000| Untracked 
|  42|0x0000000086000000, 0x0000000086000000, 0x0000000086100000|  0%| F|  |TAMS 0x0000000086000000| PB 0x0000000086000000| Untracked 
|  43|0x0000000086100000, 0x0000000086100000, 0x0000000086200000|  0%| F|  |TAMS 0x0000000086100000| PB 0x0000000086100000| Untracked 
|  44|0x0000000086200000, 0x0000000086200000, 0x0000000086300000|  0%| F|  |TAMS 0x0000000086200000| PB 0x0000000086200000| Untracked 
|  45|0x0000000086300000, 0x0000000086300000, 0x0000000086400000|  0%| F|  |TAMS 0x0000000086300000| PB 0x0000000086300000| Untracked 
|  46|0x0000000086400000, 0x0000000086400000, 0x0000000086500000|  0%| F|  |TAMS 0x0000000086400000| PB 0x0000000086400000| Untracked 
|  47|0x0000000086500000, 0x0000000086500000, 0x0000000086600000|  0%| F|  |TAMS 0x0000000086500000| PB 0x0000000086500000| Untracked 
|  48|0x0000000086600000, 0x0000000086600000, 0x0000000086700000|  0%| F|  |TAMS 0x0000000086600000| PB 0x0000000086600000| Untracked 
|  49|0x0000000086700000, 0x0000000086700000, 0x0000000086800000|  0%| F|  |TAMS 0x0000000086700000| PB 0x0000000086700000| Untracked 
|  50|0x0000000086800000, 0x0000000086800000, 0x0000000086900000|  0%| F|  |TAMS 0x0000000086800000| PB 0x0000000086800000| Untracked 
|  51|0x0000000086900000, 0x0000000086900000, 0x0000000086a00000|  0%| F|  |TAMS 0x0000000086900000| PB 0x0000000086900000| Untracked 
|  52|0x0000000086a00000, 0x0000000086a00000, 0x0000000086b00000|  0%| F|  |TAMS 0x0000000086a00000| PB 0x0000000086a00000| Untracked 
|  53|0x0000000086b00000, 0x0000000086b00000, 0x0000000086c00000|  0%| F|  |TAMS 0x0000000086b00000| PB 0x0000000086b00000| Untracked 
|  54|0x0000000086c00000, 0x0000000086c00000, 0x0000000086d00000|  0%| F|  |TAMS 0x0000000086c00000| PB 0x0000000086c00000| Untracked 
|  55|0x0000000086d00000, 0x0000000086d00000, 0x0000000086e00000|  0%| F|  |TAMS 0x0000000086d00000| PB 0x0000000086d00000| Untracked 
|  56|0x0000000086e00000, 0x0000000086e00000, 0x0000000086f00000|  0%| F|  |TAMS 0x0000000086e00000| PB 0x0000000086e00000| Untracked 
|  57|0x0000000086f00000, 0x0000000086f00000, 0x0000000087000000|  0%| F|  |TAMS 0x0000000086f00000| PB 0x0000000086f00000| Untracked 
|  58|0x0000000087000000, 0x0000000087000000, 0x0000000087100000|  0%| F|  |TAMS 0x0000000087000000| PB 0x0000000087000000| Untracked 
|  59|0x0000000087100000, 0x0000000087100000, 0x0000000087200000|  0%| F|  |TAMS 0x0000000087100000| PB 0x0000000087100000| Untracked 
|  60|0x0000000087200000, 0x0000000087200000, 0x0000000087300000|  0%| F|  |TAMS 0x0000000087200000| PB 0x0000000087200000| Untracked 
|  61|0x0000000087300000, 0x0000000087300000, 0x0000000087400000|  0%| F|  |TAMS 0x0000000087300000| PB 0x0000000087300000| Untracked 
|  62|0x0000000087400000, 0x0000000087400000, 0x0000000087500000|  0%| F|  |TAMS 0x0000000087400000| PB 0x0000000087400000| Untracked 
|  63|0x0000000087500000, 0x0000000087500000, 0x0000000087600000|  0%| F|  |TAMS 0x0000000087500000| PB 0x0000000087500000| Untracked 
|  64|0x0000000087600000, 0x0000000087600000, 0x0000000087700000|  0%| F|  |TAMS 0x0000000087600000| PB 0x0000000087600000| Untracked 
|  65|0x0000000087700000, 0x0000000087700000, 0x0000000087800000|  0%| F|  |TAMS 0x0000000087700000| PB 0x0000000087700000| Untracked 
|  66|0x0000000087800000, 0x0000000087800000, 0x0000000087900000|  0%| F|  |TAMS 0x0000000087800000| PB 0x0000000087800000| Untracked 
|  67|0x0000000087900000, 0x0000000087900000, 0x0000000087a00000|  0%| F|  |TAMS 0x0000000087900000| PB 0x0000000087900000| Untracked 
|  68|0x0000000087a00000, 0x0000000087a00000, 0x0000000087b00000|  0%| F|  |TAMS 0x0000000087a00000| PB 0x0000000087a00000| Untracked 
|  69|0x0000000087b00000, 0x0000000087b00000, 0x0000000087c00000|  0%| F|  |TAMS 0x0000000087b00000| PB 0x0000000087b00000| Untracked 
|  70|0x0000000087c00000, 0x0000000087c00000, 0x0000000087d00000|  0%| F|  |TAMS 0x0000000087c00000| PB 0x0000000087c00000| Untracked 
|  71|0x0000000087d00000, 0x0000000087d00000, 0x0000000087e00000|  0%| F|  |TAMS 0x0000000087d00000| PB 0x0000000087d00000| Untracked 
|  72|0x0000000087e00000, 0x0000000087e00000, 0x0000000087f00000|  0%| F|  |TAMS 0x0000000087e00000| PB 0x0000000087e00000| Untracked 
|  73|0x0000000087f00000, 0x0000000087f00000, 0x0000000088000000|  0%| F|  |TAMS 0x0000000087f00000| PB 0x0000000087f00000| Untracked 
|  74|0x0000000088000000, 0x0000000088000000, 0x0000000088100000|  0%| F|  |TAMS 0x0000000088000000| PB 0x0000000088000000| Untracked 
|  75|0x0000000088100000, 0x0000000088100000, 0x0000000088200000|  0%| F|  |TAMS 0x0000000088100000| PB 0x0000000088100000| Untracked 
|  76|0x0000000088200000, 0x0000000088200000, 0x0000000088300000|  0%| F|  |TAMS 0x0000000088200000| PB 0x0000000088200000| Untracked 
|  77|0x0000000088300000, 0x0000000088300000, 0x0000000088400000|  0%| F|  |TAMS 0x0000000088300000| PB 0x0000000088300000| Untracked 
|  78|0x0000000088400000, 0x0000000088400000, 0x0000000088500000|  0%| F|  |TAMS 0x0000000088400000| PB 0x0000000088400000| Untracked 
|  79|0x0000000088500000, 0x0000000088500000, 0x0000000088600000|  0%| F|  |TAMS 0x0000000088500000| PB 0x0000000088500000| Untracked 
|  80|0x0000000088600000, 0x0000000088600000, 0x0000000088700000|  0%| F|  |TAMS 0x0000000088600000| PB 0x0000000088600000| Untracked 
|  81|0x0000000088700000, 0x0000000088700000, 0x0000000088800000|  0%| F|  |TAMS 0x0000000088700000| PB 0x0000000088700000| Untracked 
|  82|0x0000000088800000, 0x0000000088800000, 0x0000000088900000|  0%| F|  |TAMS 0x0000000088800000| PB 0x0000000088800000| Untracked 
|  83|0x0000000088900000, 0x0000000088900000, 0x0000000088a00000|  0%| F|  |TAMS 0x0000000088900000| PB 0x0000000088900000| Untracked 
|  84|0x0000000088a00000, 0x0000000088a00000, 0x0000000088b00000|  0%| F|  |TAMS 0x0000000088a00000| PB 0x0000000088a00000| Untracked 
|  85|0x0000000088b00000, 0x0000000088b00000, 0x0000000088c00000|  0%| F|  |TAMS 0x0000000088b00000| PB 0x0000000088b00000| Untracked 
|  86|0x0000000088c00000, 0x0000000088c00000, 0x0000000088d00000|  0%| F|  |TAMS 0x0000000088c00000| PB 0x0000000088c00000| Untracked 
|  87|0x0000000088d00000, 0x0000000088d00000, 0x0000000088e00000|  0%| F|  |TAMS 0x0000000088d00000| PB 0x0000000088d00000| Untracked 
|  88|0x0000000088e00000, 0x0000000088e00000, 0x0000000088f00000|  0%| F|  |TAMS 0x0000000088e00000| PB 0x0000000088e00000| Untracked 
|  89|0x0000000088f00000, 0x0000000088f00000, 0x0000000089000000|  0%| F|  |TAMS 0x0000000088f00000| PB 0x0000000088f00000| Untracked 
|  90|0x0000000089000000, 0x0000000089000000, 0x0000000089100000|  0%| F|  |TAMS 0x0000000089000000| PB 0x0000000089000000| Untracked 
|  91|0x0000000089100000, 0x0000000089100000, 0x0000000089200000|  0%| F|  |TAMS 0x0000000089100000| PB 0x0000000089100000| Untracked 
|  92|0x0000000089200000, 0x0000000089200000, 0x0000000089300000|  0%| F|  |TAMS 0x0000000089200000| PB 0x0000000089200000| Untracked 
|  93|0x0000000089300000, 0x0000000089300000, 0x0000000089400000|  0%| F|  |TAMS 0x0000000089300000| PB 0x0000000089300000| Untracked 
|  94|0x0000000089400000, 0x0000000089400000, 0x0000000089500000|  0%| F|  |TAMS 0x0000000089400000| PB 0x0000000089400000| Untracked 
|  95|0x0000000089500000, 0x0000000089500000, 0x0000000089600000|  0%| F|  |TAMS 0x0000000089500000| PB 0x0000000089500000| Untracked 
|  96|0x0000000089600000, 0x0000000089600000, 0x0000000089700000|  0%| F|  |TAMS 0x0000000089600000| PB 0x0000000089600000| Untracked 
|  97|0x0000000089700000, 0x0000000089700000, 0x0000000089800000|  0%| F|  |TAMS 0x0000000089700000| PB 0x0000000089700000| Untracked 
|  98|0x0000000089800000, 0x0000000089800000, 0x0000000089900000|  0%| F|  |TAMS 0x0000000089800000| PB 0x0000000089800000| Untracked 
|  99|0x0000000089900000, 0x0000000089900000, 0x0000000089a00000|  0%| F|  |TAMS 0x0000000089900000| PB 0x0000000089900000| Untracked 
| 100|0x0000000089a00000, 0x0000000089a00000, 0x0000000089b00000|  0%| F|  |TAMS 0x0000000089a00000| PB 0x0000000089a00000| Untracked 
| 101|0x0000000089b00000, 0x0000000089b00000, 0x0000000089c00000|  0%| F|  |TAMS 0x0000000089b00000| PB 0x0000000089b00000| Untracked 
| 102|0x0000000089c00000, 0x0000000089c00000, 0x0000000089d00000|  0%| F|  |TAMS 0x0000000089c00000| PB 0x0000000089c00000| Untracked 
| 103|0x0000000089d00000, 0x0000000089d00000, 0x0000000089e00000|  0%| F|  |TAMS 0x0000000089d00000| PB 0x0000000089d00000| Untracked 
| 104|0x0000000089e00000, 0x0000000089e00000, 0x0000000089f00000|  0%| F|  |TAMS 0x0000000089e00000| PB 0x0000000089e00000| Untracked 
| 105|0x0000000089f00000, 0x0000000089f00000, 0x000000008a000000|  0%| F|  |TAMS 0x0000000089f00000| PB 0x0000000089f00000| Untracked 
| 106|0x000000008a000000, 0x000000008a000000, 0x000000008a100000|  0%| F|  |TAMS 0x000000008a000000| PB 0x000000008a000000| Untracked 
| 107|0x000000008a100000, 0x000000008a100000, 0x000000008a200000|  0%| F|  |TAMS 0x000000008a100000| PB 0x000000008a100000| Untracked 
| 108|0x000000008a200000, 0x000000008a200000, 0x000000008a300000|  0%| F|  |TAMS 0x000000008a200000| PB 0x000000008a200000| Untracked 
| 109|0x000000008a300000, 0x000000008a300000, 0x000000008a400000|  0%| F|  |TAMS 0x000000008a300000| PB 0x000000008a300000| Untracked 
| 110|0x000000008a400000, 0x000000008a400000, 0x000000008a500000|  0%| F|  |TAMS 0x000000008a400000| PB 0x000000008a400000| Untracked 
| 111|0x000000008a500000, 0x000000008a500000, 0x000000008a600000|  0%| F|  |TAMS 0x000000008a500000| PB 0x000000008a500000| Untracked 
| 112|0x000000008a600000, 0x000000008a600000, 0x000000008a700000|  0%| F|  |TAMS 0x000000008a600000| PB 0x000000008a600000| Untracked 
| 113|0x000000008a700000, 0x000000008a700000, 0x000000008a800000|  0%| F|  |TAMS 0x000000008a700000| PB 0x000000008a700000| Untracked 
| 114|0x000000008a800000, 0x000000008a888358, 0x000000008a900000| 53%| E|  |TAMS 0x000000008a800000| PB 0x000000008a800000| Complete 
| 115|0x000000008a900000, 0x000000008aa00000, 0x000000008aa00000|100%| E|CS|TAMS 0x000000008a900000| PB 0x000000008a900000| Complete 
| 116|0x000000008aa00000, 0x000000008ab00000, 0x000000008ab00000|100%| E|CS|TAMS 0x000000008aa00000| PB 0x000000008aa00000| Complete 
| 117|0x000000008ab00000, 0x000000008ac00000, 0x000000008ac00000|100%| E|CS|TAMS 0x000000008ab00000| PB 0x000000008ab00000| Complete 
| 118|0x000000008ac00000, 0x000000008ad00000, 0x000000008ad00000|100%| E|CS|TAMS 0x000000008ac00000| PB 0x000000008ac00000| Complete 
| 119|0x000000008ad00000, 0x000000008ae00000, 0x000000008ae00000|100%| E|CS|TAMS 0x000000008ad00000| PB 0x000000008ad00000| Complete 
| 120|0x000000008ae00000, 0x000000008af00000, 0x000000008af00000|100%| E|CS|TAMS 0x000000008ae00000| PB 0x000000008ae00000| Complete 
| 121|0x000000008af00000, 0x000000008b000000, 0x000000008b000000|100%| E|CS|TAMS 0x000000008af00000| PB 0x000000008af00000| Complete 
| 122|0x000000008b000000, 0x000000008b100000, 0x000000008b100000|100%| E|CS|TAMS 0x000000008b000000| PB 0x000000008b000000| Complete 
| 123|0x000000008b100000, 0x000000008b200000, 0x000000008b200000|100%| E|CS|TAMS 0x000000008b100000| PB 0x000000008b100000| Complete 
| 124|0x000000008b200000, 0x000000008b300000, 0x000000008b300000|100%| E|CS|TAMS 0x000000008b200000| PB 0x000000008b200000| Complete 
| 125|0x000000008b300000, 0x000000008b400000, 0x000000008b400000|100%| E|CS|TAMS 0x000000008b300000| PB 0x000000008b300000| Complete 

Card table byte_map: [0x000002327b290000,0x000002327b680000] _byte_map_base: 0x000002327ae75000

Marking Bits: (CMBitMap*) 0x0000023261b4c2e0
 Bits: [0x000002327b680000, 0x000002327d5a8000)

Polling page: 0x0000023261bc0000

Metaspace:

Usage:
  Non-class:      3.53 MB used.
      Class:    458.34 KB used.
       Both:      3.98 MB used.

Virtual space:
  Non-class space:       64.00 MB reserved,       3.62 MB (  6%) committed,  1 nodes.
      Class space:        1.00 GB reserved,     576.00 KB ( <1%) committed,  1 nodes.
             Both:        1.06 GB reserved,       4.19 MB ( <1%) committed. 

Chunk freelists:
   Non-Class:  10.02 MB
       Class:  15.41 MB
        Both:  25.42 MB

MaxMetaspaceSize: unlimited
CompressedClassSpaceSize: 1.00 GB
Initial GC threshold: 21.00 MB
Current GC threshold: 21.00 MB
CDS: on
 - commit_granule_bytes: 65536.
 - commit_granule_words: 8192.
 - virtual_space_node_default_size: 8388608.
 - enlarge_chunks_in_place: 1.
 - use_allocation_guard: 0.


Internal statistics:

num_allocs_failed_limit: 0.
num_arena_births: 44.
num_arena_deaths: 0.
num_vsnodes_births: 2.
num_vsnodes_deaths: 0.
num_space_committed: 67.
num_space_uncommitted: 0.
num_chunks_returned_to_freelist: 0.
num_chunks_taken_from_freelist: 151.
num_chunk_merges: 0.
num_chunk_splits: 107.
num_chunks_enlarged: 84.
num_inconsistent_stats: 0.

CodeHeap 'non-profiled nmethods': size=120000Kb used=246Kb max_used=246Kb free=119754Kb
 bounds [0x0000023273440000, 0x00000232736b0000, 0x000002327a970000]
CodeHeap 'profiled nmethods': size=120000Kb used=1463Kb max_used=1463Kb free=118536Kb
 bounds [0x000002326b970000, 0x000002326bbe0000, 0x0000023272ea0000]
CodeHeap 'non-nmethods': size=5760Kb used=1469Kb max_used=1487Kb free=4290Kb
 bounds [0x0000023272ea0000, 0x0000023273110000, 0x0000023273440000]
 total_blobs=1288 nmethods=839 adapters=354
 compilation: enabled
              stopped_count=0, restarted_count=0
 full_count=0

Compilation events (20 events):
Event: 1.788 Thread 0x000002327fb9c440  761       3       java.net.URL::getDefaultPort (8 bytes)
Event: 1.788 Thread 0x000002327fb9c440 nmethod 761 0x000002326baa3090 code [0x000002326baa3240, 0x000002326baa3430]
Event: 1.788 Thread 0x000002327fb9c440  762       3       java.lang.Record::<init> (5 bytes)
Event: 1.788 Thread 0x000002327fb9c440 nmethod 762 0x000002326baa3510 code [0x000002326baa36c0, 0x000002326baa3828]
Event: 1.788 Thread 0x000002327fb9c440  763       3       sun.net.www.protocol.jar.Handler::checkNestedProtocol (18 bytes)
Event: 1.789 Thread 0x000002327fb9c440 nmethod 763 0x000002326baa3910 code [0x000002326baa3ac0, 0x000002326baa3ca0]
Event: 1.789 Thread 0x000002327fb9c440  764       3       java.net.URL::toString (5 bytes)
Event: 1.789 Thread 0x000002327fb9c440 nmethod 764 0x000002326baa3d90 code [0x000002326baa3f40, 0x000002326baa4178]
Event: 1.789 Thread 0x000002327fb9c440  765       3       java.net.URL::toExternalForm (9 bytes)
Event: 1.789 Thread 0x000002327fb9c440 nmethod 765 0x000002326baa4290 code [0x000002326baa4440, 0x000002326baa4618]
Event: 1.790 Thread 0x000002327fb9c440  766       3       java.util.jar.JarFile$JarFileEntry::getRealName (5 bytes)
Event: 1.790 Thread 0x000002327fb9c440 nmethod 766 0x000002326baa4710 code [0x000002326baa48a0, 0x000002326baa49c0]
Event: 1.790 Thread 0x000002327fb9c440  767       3       sun.net.www.protocol.jar.Handler::parseURL (173 bytes)
Event: 1.791 Thread 0x000002327fb9c440 nmethod 767 0x000002326baa4a90 code [0x000002326baa4d40, 0x000002326baa5728]
Event: 1.791 Thread 0x000002327fb9c440  768       3       sun.net.www.protocol.jar.Handler::parseContextSpec (150 bytes)
Event: 1.792 Thread 0x000002327fb9c440 nmethod 768 0x000002326baa5b90 code [0x000002326baa6000, 0x000002326baa7af8]
Event: 1.792 Thread 0x000002327fb9c440  769       3       java.security.CodeSource::<init> (52 bytes)
Event: 1.792 Thread 0x000002327fb9c440 nmethod 769 0x000002326baa8590 code [0x000002326baa8780, 0x000002326baa8ca8]
Event: 1.792 Thread 0x000002327fb9c440  770       3       java.security.SecureClassLoader$CodeSourceKey::equals (60 bytes)
Event: 1.793 Thread 0x000002327fb9c440 nmethod 770 0x000002326baa8e10 code [0x000002326baa9020, 0x000002326baa9688]

GC Heap History (0 events):
No events

Dll operation events (8 events):
Event: 0.084 Loaded shared library C:\Program Files\Java\jdk-21.0.7\bin\java.dll
Event: 0.515 Loaded shared library C:\Program Files\Java\jdk-21.0.7\bin\jsvml.dll
Event: 0.702 Loaded shared library C:\Program Files\Java\jdk-21.0.7\bin\net.dll
Event: 0.909 Loaded shared library C:\Program Files\Java\jdk-21.0.7\bin\nio.dll
Event: 1.005 Loaded shared library C:\Program Files\Java\jdk-21.0.7\bin\zip.dll
Event: 1.257 Loaded shared library C:\Program Files\Java\jdk-21.0.7\bin\jimage.dll
Event: 1.642 Loaded shared library C:\Program Files\Java\jdk-21.0.7\bin\management.dll
Event: 1.651 Loaded shared library C:\Program Files\Java\jdk-21.0.7\bin\management_ext.dll

Deoptimization events (20 events):
Event: 1.455 Thread 0x0000023261af9770 DEOPT PACKING pc=0x000002327345fd64 sp=0x0000004a877fcb40
Event: 1.455 Thread 0x0000023261af9770 DEOPT UNPACKING pc=0x0000023272ef7da2 sp=0x0000004a877fcaf8 mode 2
Event: 1.455 Thread 0x0000023261af9770 Uncommon trap: trap_request=0xffffffde fr.pc=0x000002327345e924 relative=0x0000000000000484
Event: 1.455 Thread 0x0000023261af9770 Uncommon trap: reason=class_check action=maybe_recompile pc=0x000002327345e924 method=java.util.regex.Pattern$Start.match(Ljava/util/regex/Matcher;ILjava/lang/CharSequence;)Z @ 44 c2
Event: 1.455 Thread 0x0000023261af9770 DEOPT PACKING pc=0x000002327345e924 sp=0x0000004a877fd290
Event: 1.455 Thread 0x0000023261af9770 DEOPT UNPACKING pc=0x0000023272ef7da2 sp=0x0000004a877fd1f0 mode 2
Event: 1.455 Thread 0x0000023261af9770 Uncommon trap: trap_request=0xffffffde fr.pc=0x000002327345fd64 relative=0x0000000000000304
Event: 1.455 Thread 0x0000023261af9770 Uncommon trap: reason=class_check action=maybe_recompile pc=0x000002327345fd64 method=java.util.regex.Pattern$BmpCharPropertyGreedy.match(Ljava/util/regex/Matcher;ILjava/lang/CharSequence;)Z @ 26 c2
Event: 1.455 Thread 0x0000023261af9770 DEOPT PACKING pc=0x000002327345fd64 sp=0x0000004a877fd050
Event: 1.455 Thread 0x0000023261af9770 DEOPT UNPACKING pc=0x0000023272ef7da2 sp=0x0000004a877fcfe8 mode 2
Event: 1.455 Thread 0x0000023261af9770 Uncommon trap: trap_request=0xffffff45 fr.pc=0x000002327345fdb4 relative=0x0000000000000354
Event: 1.455 Thread 0x0000023261af9770 Uncommon trap: reason=unstable_if action=reinterpret pc=0x000002327345fdb4 method=java.util.regex.Pattern$BmpCharPropertyGreedy.match(Ljava/util/regex/Matcher;ILjava/lang/CharSequence;)Z @ 12 c2
Event: 1.455 Thread 0x0000023261af9770 DEOPT PACKING pc=0x000002327345fdb4 sp=0x0000004a877fcfa0
Event: 1.455 Thread 0x0000023261af9770 DEOPT UNPACKING pc=0x0000023272ef7da2 sp=0x0000004a877fcf58 mode 2
Event: 1.455 Thread 0x0000023261af9770 Uncommon trap: trap_request=0xffffff45 fr.pc=0x000002327345eb2c relative=0x000000000000068c
Event: 1.455 Thread 0x0000023261af9770 Uncommon trap: reason=unstable_if action=reinterpret pc=0x000002327345eb2c method=java.util.regex.Pattern$Start.match(Ljava/util/regex/Matcher;ILjava/lang/CharSequence;)Z @ 10 c2
Event: 1.455 Thread 0x0000023261af9770 DEOPT PACKING pc=0x000002327345eb2c sp=0x0000004a877fd290
Event: 1.455 Thread 0x0000023261af9770 DEOPT UNPACKING pc=0x0000023272ef7da2 sp=0x0000004a877fd200 mode 2
Event: 1.601 Thread 0x0000023261af9770 DEOPT PACKING pc=0x000002326b998af8 sp=0x0000004a877f9600
Event: 1.601 Thread 0x0000023261af9770 DEOPT UNPACKING pc=0x0000023272ef88e2 sp=0x0000004a877f8a20 mode 0

Classes loaded (20 events):
Event: 1.748 Loading class java/util/concurrent/LinkedBlockingQueue
Event: 1.749 Loading class java/util/concurrent/BlockingQueue
Event: 1.749 Loading class java/util/concurrent/BlockingQueue done
Event: 1.749 Loading class java/util/concurrent/LinkedBlockingQueue done
Event: 1.749 Loading class java/util/concurrent/LinkedBlockingQueue$Node
Event: 1.749 Loading class java/util/concurrent/LinkedBlockingQueue$Node done
Event: 1.750 Loading class java/util/concurrent/LinkedBlockingQueue$Itr
Event: 1.750 Loading class java/util/concurrent/LinkedBlockingQueue$Itr done
Event: 1.752 Loading class java/util/Formatter$FixedString
Event: 1.752 Loading class java/util/Formatter$FixedString done
Event: 1.753 Loading class jdk/internal/foreign/MemorySessionImpl
Event: 1.753 Loading class java/lang/foreign/MemorySegment$Scope
Event: 1.754 Loading class java/lang/foreign/MemorySegment$Scope done
Event: 1.754 Loading class jdk/internal/foreign/MemorySessionImpl done
Event: 1.755 Loading class java/util/ServiceConfigurationError
Event: 1.755 Loading class java/util/ServiceConfigurationError done
Event: 1.756 Loading class java/util/Comparators$NaturalOrderComparator
Event: 1.757 Loading class java/util/Comparators$NaturalOrderComparator done
Event: 1.757 Loading class java/util/Comparators$NullComparator
Event: 1.757 Loading class java/util/Comparators$NullComparator done

Classes unloaded (0 events):
No events

Classes redefined (0 events):
No events

Internal exceptions (8 events):
Event: 1.308 Thread 0x0000023261af9770 Exception <a 'java/lang/NoSuchMethodError'{0x000000008b180ae0}: 'void java.lang.invoke.DirectMethodHandle$Holder.invokeStatic(java.lang.Object, java.lang.Object, java.lang.Object)'> (0x000000008b180ae0) 
thrown [s\open\src\hotspot\share\interpreter\linkResolver.cpp, line 773]
Event: 1.322 Thread 0x0000023261af9770 Exception <a 'java/lang/NoSuchMethodError'{0x000000008b1a0000}: 'void java.lang.invoke.DirectMethodHandle$Holder.invokeSpecial(java.lang.Object, java.lang.Object, java.lang.Object, java.lang.Object, java.lang.Object)'> (0x000000008b1a0000) 
thrown [s\open\src\hotspot\share\interpreter\linkResolver.cpp, line 773]
Event: 1.625 Thread 0x0000023261af9770 Exception <a 'java/lang/NoSuchMethodError'{0x000000008ad15b68}: 'java.lang.Object java.lang.invoke.Invokers$Holder.invokeExact_MT(java.lang.Object, java.lang.Object, java.lang.Object, java.lang.Object, java.lang.Object)'> (0x000000008ad15b68) 
thrown [s\open\src\hotspot\share\interpreter\linkResolver.cpp, line 773]
Event: 1.660 Thread 0x0000023261af9770 Exception <a 'java/lang/NoSuchMethodError'{0x000000008ad80230}: 'int java.lang.invoke.DirectMethodHandle$Holder.invokeSpecial(java.lang.Object, java.lang.Object, java.lang.Object)'> (0x000000008ad80230) 
thrown [s\open\src\hotspot\share\interpreter\linkResolver.cpp, line 773]
Event: 1.685 Thread 0x0000023261af9770 Exception <a 'java/lang/NoSuchMethodError'{0x000000008ac1a4e0}: 'void java.lang.invoke.DirectMethodHandle$Holder.invokeStatic(java.lang.Object, java.lang.Object, java.lang.Object, java.lang.Object)'> (0x000000008ac1a4e0) 
thrown [s\open\src\hotspot\share\interpreter\linkResolver.cpp, line 773]
Event: 1.686 Thread 0x0000023261af9770 Exception <a 'java/lang/NoSuchMethodError'{0x000000008ac1def8}: 'void java.lang.invoke.DirectMethodHandle$Holder.invokeStaticInit(java.lang.Object, java.lang.Object, java.lang.Object, java.lang.Object)'> (0x000000008ac1def8) 
thrown [s\open\src\hotspot\share\interpreter\linkResolver.cpp, line 773]
Event: 1.756 Thread 0x0000023261af9770 Exception <a 'java/lang/NoSuchMethodError'{0x000000008ab047d0}: 'java.lang.Object java.lang.invoke.DirectMethodHandle$Holder.invokeInterface(java.lang.Object, java.lang.Object)'> (0x000000008ab047d0) 
thrown [s\open\src\hotspot\share\interpreter\linkResolver.cpp, line 773]
Event: 1.757 Thread 0x0000023261af9770 Exception <a 'java/lang/NoSuchMethodError'{0x000000008ab0e8b8}: 'java.lang.Object java.lang.invoke.Invokers$Holder.invokeExact_MT(java.lang.Object, java.lang.Object, java.lang.Object, java.lang.Object, java.lang.Object, java.lang.Object)'> (0x000000008ab0e8b8) 
thrown [s\open\src\hotspot\share\interpreter\linkResolver.cpp, line 773]

ZGC Phase Switch (0 events):
No events

VM Operations (10 events):
Event: 1.008 Executing VM operation: HandshakeAllThreads (Deoptimize)
Event: 1.008 Executing VM operation: HandshakeAllThreads (Deoptimize) done
Event: 1.451 Executing VM operation: HandshakeAllThreads (Deoptimize)
Event: 1.451 Executing VM operation: HandshakeAllThreads (Deoptimize) done
Event: 1.451 Executing VM operation: Cleanup
Event: 1.451 Executing VM operation: Cleanup done
Event: 1.617 Executing VM operation: HandshakeAllThreads (Deoptimize)
Event: 1.617 Executing VM operation: HandshakeAllThreads (Deoptimize) done
Event: 1.617 Executing VM operation: HandshakeAllThreads (Deoptimize)
Event: 1.617 Executing VM operation: HandshakeAllThreads (Deoptimize) done

Events (12 events):
Event: 0.112 Thread 0x0000023261af9770 Thread added: 0x0000023261af9770
Event: 0.342 Thread 0x000002327fb88cc0 Thread added: 0x000002327fb88cc0
Event: 0.343 Thread 0x000002327fb8a630 Thread added: 0x000002327fb8a630
Event: 0.407 Thread 0x000002327fb91b00 Thread added: 0x000002327fb91b00
Event: 0.407 Thread 0x000002327fb92750 Thread added: 0x000002327fb92750
Event: 0.408 Thread 0x000002327fb951b0 Thread added: 0x000002327fb951b0
Event: 0.408 Thread 0x000002327fb95c00 Thread added: 0x000002327fb95c00
Event: 0.408 Thread 0x000002327fb96980 Thread added: 0x000002327fb96980
Event: 0.484 Thread 0x000002327fb9c440 Thread added: 0x000002327fb9c440
Event: 0.602 Thread 0x00000232450e0b70 Thread added: 0x00000232450e0b70
Event: 0.607 Thread 0x00000232450e7bc0 Thread added: 0x00000232450e7bc0
Event: 1.772 Thread 0x00000232453215f0 Thread added: 0x00000232453215f0


Dynamic libraries:
0x00007ff7329d0000 - 0x00007ff7329e0000 	C:\Program Files\Java\jdk-21.0.7\bin\java.exe
0x00007fff90360000 - 0x00007fff905c5000 	C:\WINDOWS\SYSTEM32\ntdll.dll
0x00007fff8f0e0000 - 0x00007fff8f1a9000 	C:\WINDOWS\System32\KERNEL32.DLL
0x00007fff8d8c0000 - 0x00007fff8dca8000 	C:\WINDOWS\System32\KERNELBASE.dll
0x00007fff8dcb0000 - 0x00007fff8ddfb000 	C:\WINDOWS\System32\ucrtbase.dll
0x00007fff742a0000 - 0x00007fff742b9000 	C:\Program Files\Java\jdk-21.0.7\bin\jli.dll
0x00007fff90260000 - 0x00007fff90313000 	C:\WINDOWS\System32\ADVAPI32.dll
0x00007fff8f6b0000 - 0x00007fff8f759000 	C:\WINDOWS\System32\msvcrt.dll
0x00007fff8fa90000 - 0x00007fff8fb36000 	C:\WINDOWS\System32\sechost.dll
0x00007fff8f550000 - 0x00007fff8f665000 	C:\WINDOWS\System32\RPCRT4.dll
0x00007fff8f870000 - 0x00007fff8fa3a000 	C:\WINDOWS\System32\USER32.dll
0x00007fff8df50000 - 0x00007fff8df77000 	C:\WINDOWS\System32\win32u.dll
0x00007fff8e3b0000 - 0x00007fff8e3db000 	C:\WINDOWS\System32\GDI32.dll
0x00007fff8d570000 - 0x00007fff8d6a7000 	C:\WINDOWS\System32\gdi32full.dll
0x00007fff8dea0000 - 0x00007fff8df43000 	C:\WINDOWS\System32\msvcp_win.dll
0x00007fff5d7f0000 - 0x00007fff5da8a000 	C:\WINDOWS\WinSxS\amd64_microsoft.windows.common-controls_6595b64144ccf1df_6.0.26100.4202_none_3e0698d4e335f517\COMCTL32.dll
0x00007fff7e3b0000 - 0x00007fff7e3bb000 	C:\WINDOWS\SYSTEM32\VERSION.dll
0x00007fff734c0000 - 0x00007fff734db000 	C:\Program Files\Java\jdk-21.0.7\bin\VCRUNTIME140.dll
0x00007fff8f670000 - 0x00007fff8f6a0000 	C:\WINDOWS\System32\IMM32.DLL
0x00007fff85700000 - 0x00007fff8570c000 	C:\Program Files\Java\jdk-21.0.7\bin\vcruntime140_1.dll
0x00007fff51880000 - 0x00007fff5190e000 	C:\Program Files\Java\jdk-21.0.7\bin\msvcp140.dll
0x00007fff223b0000 - 0x00007fff230ca000 	C:\Program Files\Java\jdk-21.0.7\bin\server\jvm.dll
0x00007fff8f220000 - 0x00007fff8f294000 	C:\WINDOWS\System32\WS2_32.dll
0x00007fff8cc20000 - 0x00007fff8cc7e000 	C:\WINDOWS\SYSTEM32\POWRPROF.dll
0x00007fff74620000 - 0x00007fff74655000 	C:\WINDOWS\SYSTEM32\WINMM.dll
0x00007fff8cbe0000 - 0x00007fff8cbf4000 	C:\WINDOWS\SYSTEM32\UMPDC.dll
0x00007fff8c210000 - 0x00007fff8c22b000 	C:\WINDOWS\SYSTEM32\kernel.appcore.dll
0x00007fff7ea80000 - 0x00007fff7ea8a000 	C:\Program Files\Java\jdk-21.0.7\bin\jimage.dll
0x00007fff8ac20000 - 0x00007fff8ae61000 	C:\WINDOWS\SYSTEM32\DBGHELP.DLL
0x00007fff8ed50000 - 0x00007fff8f0d5000 	C:\WINDOWS\System32\combase.dll
0x00007fff8e2c0000 - 0x00007fff8e3a1000 	C:\WINDOWS\System32\OLEAUT32.dll
0x00007fff74540000 - 0x00007fff74579000 	C:\WINDOWS\SYSTEM32\dbgcore.DLL
0x00007fff8de00000 - 0x00007fff8de99000 	C:\WINDOWS\System32\bcryptPrimitives.dll
0x00007fff70ad0000 - 0x00007fff70aef000 	C:\Program Files\Java\jdk-21.0.7\bin\java.dll
0x00007fff8e550000 - 0x00007fff8ec92000 	C:\WINDOWS\System32\SHELL32.dll
0x00007fff8d740000 - 0x00007fff8d8b4000 	C:\WINDOWS\System32\wintypes.dll
0x00007fff8b0f0000 - 0x00007fff8b948000 	C:\WINDOWS\SYSTEM32\windows.storage.dll
0x00007fff8e100000 - 0x00007fff8e1f1000 	C:\WINDOWS\System32\SHCORE.dll
0x00007fff8e250000 - 0x00007fff8e2ba000 	C:\WINDOWS\System32\shlwapi.dll
0x00007fff8d3c0000 - 0x00007fff8d3ef000 	C:\WINDOWS\SYSTEM32\profapi.dll
0x00007fff2ec10000 - 0x00007fff2ece7000 	C:\Program Files\Java\jdk-21.0.7\bin\jsvml.dll
0x00007fff7b5f0000 - 0x00007fff7b600000 	C:\Program Files\Java\jdk-21.0.7\bin\net.dll
0x00007fff7e4e0000 - 0x00007fff7e5fe000 	C:\WINDOWS\SYSTEM32\WINHTTP.dll
0x00007fff8c850000 - 0x00007fff8c8ba000 	C:\WINDOWS\system32\mswsock.dll
0x00007fff70a80000 - 0x00007fff70a96000 	C:\Program Files\Java\jdk-21.0.7\bin\nio.dll
0x00007fff70960000 - 0x00007fff70978000 	C:\Program Files\Java\jdk-21.0.7\bin\zip.dll
0x00007fff74290000 - 0x00007fff7429a000 	C:\Program Files\Java\jdk-21.0.7\bin\management.dll
0x00007fff74190000 - 0x00007fff7419b000 	C:\Program Files\Java\jdk-21.0.7\bin\management_ext.dll
0x00007fff8e210000 - 0x00007fff8e218000 	C:\WINDOWS\System32\PSAPI.DLL

dbghelp: loaded successfully - version: 4.0.5 - missing functions: none
symbol engine: initialized successfully - sym options: 0x614 - pdb path: .;C:\Program Files\Java\jdk-21.0.7\bin;C:\WINDOWS\SYSTEM32;C:\WINDOWS\WinSxS\amd64_microsoft.windows.common-controls_6595b64144ccf1df_6.0.26100.4202_none_3e0698d4e335f517;C:\Program Files\Java\jdk-21.0.7\bin\server

VM Arguments:
jvm_args: -Dfile.encoding=UTF-8 -Ddb2.jcc.charsetDecoderEncoder=3 
java_command: com.ibm.db2.server.DssLauncher 3000 off c:\Users\Isuru\AppData\Roaming\Code\logs\20250714T150653\window1\exthost\IBM.db2forzosdeveloperextension -Xmx256M
java_class_path (initial): c:\Users\Isuru\.vscode\extensions\ibm.db2forzosdeveloperextension-2.2.3\dist\dss-dist-2.2.3.jar;;c:\Users\Isuru\.vscode\extensions\ibm.db2forzosdeveloperextension-2.2.3\lib\db2jcc4.jar;c:\Users\Isuru\.vscode\extensions\ibm.db2forzosdeveloperextension-2.2.3\lib\sqlj4.zip
Launcher Type: SUN_STANDARD

[Global flags]
     intx CICompilerCount                          = 3                                         {product} {ergonomic}
     uint ConcGCThreads                            = 1                                         {product} {ergonomic}
     uint G1ConcRefinementThreads                  = 4                                         {product} {ergonomic}
   size_t G1HeapRegionSize                         = 1048576                                   {product} {ergonomic}
    uintx GCDrainStackTargetSize                   = 64                                        {product} {ergonomic}
   size_t InitialHeapSize                          = 132120576                                 {product} {ergonomic}
   size_t MarkStackSize                            = 4194304                                   {product} {ergonomic}
   size_t MaxHeapSize                              = 2090860544                                {product} {ergonomic}
   size_t MaxNewSize                               = 1254096896                                {product} {ergonomic}
   size_t MinHeapDeltaBytes                        = 1048576                                   {product} {ergonomic}
   size_t MinHeapSize                              = 8388608                                   {product} {ergonomic}
    uintx NonNMethodCodeHeapSize                   = 5832780                                {pd product} {ergonomic}
    uintx NonProfiledCodeHeapSize                  = 122912730                              {pd product} {ergonomic}
    uintx ProfiledCodeHeapSize                     = 122912730                              {pd product} {ergonomic}
    uintx ReservedCodeCacheSize                    = 251658240                              {pd product} {ergonomic}
     bool SegmentedCodeCache                       = true                                      {product} {ergonomic}
   size_t SoftMaxHeapSize                          = 2090860544                             {manageable} {ergonomic}
     bool UseCompressedOops                        = true                           {product lp64_product} {ergonomic}
     bool UseG1GC                                  = true                                      {product} {ergonomic}
     bool UseLargePagesIndividualAllocation        = false                                  {pd product} {ergonomic}

Logging:
Log output configuration:
 #0: stdout all=warning uptime,level,tags foldmultilines=false
 #1: stderr all=off uptime,level,tags foldmultilines=false

Environment Variables:
JAVA_HOME=C:\Program Files\Java\jdk-21.0.7
PATH=C:\oraclexe\app\oracle\product\11.2.0\server\bin;C:\Program Files\Java\jdk-21.0.7\bin;C:\WINDOWS\system32;C:\WINDOWS;C:\WINDOWS\System32\Wbem;C:\WINDOWS\System32\WindowsPowerShell\v1.0\;C:\WINDOWS\System32\OpenSSH\;C:\xampp\php;C:\Program Files\MiKTeX\miktex\bin\x64\;C:\ProgramData\ComposerSetup\bin;C:\Program Files\nodejs\;C:\Program Files\dotnet\;C:\Program Files (x86)\Windows Kits\10\Windows Performance Toolkit\;C:\Program Files\Git\cmd;C:\Program Files\Docker\Docker\resources\bin;C:\apache-maven-3.6.3\bin;C:\Users\Isuru\AppData\Local\Programs\Microsoft VS Code\bin;C:\Users\Isuru\AppData\Local\Programs\Microsoft VS Code\bin;C:\Users\Isuru\AppData\Local\Microsoft\WindowsApps;;C:\Program Files\JetBrains\IntelliJ IDEA 2025.1.2\bin;
USERNAME=Isuru
OS=Windows_NT
PROCESSOR_IDENTIFIER=Intel64 Family 6 Model 140 Stepping 1, GenuineIntel
TMP=C:\Users\Isuru\AppData\Local\Temp
TEMP=C:\Users\Isuru\AppData\Local\Temp




Periodic native trim disabled

---------------  S Y S T E M  ---------------

OS:
 Windows 11 , 64 bit Build 26100 (10.0.26100.4202)
OS uptime: 5 days 4:26 hours
Hyper-V role detected

CPU: total 4 (initial active 4) (2 cores per cpu, 2 threads per core) family 6 model 140 stepping 1 microcode 0x8a, cx8, cmov, fxsr, ht, mmx, 3dnowpref, sse, sse2, sse3, ssse3, sse4.1, sse4.2, popcnt, lzcnt, tsc, tscinvbit, avx, avx2, aes, erms, clmul, bmi1, bmi2, adx, avx512f, avx512dq, avx512cd, avx512bw, avx512vl, sha, fma, vzeroupper, avx512_vpopcntdq, avx512_vpclmulqdq, avx512_vaes, avx512_vnni, clflush, clflushopt, clwb, avx512_vbmi2, avx512_vbmi, hv, rdtscp, rdpid, fsrm, gfni, avx512_bitalg, f16c, cet_ibt, cet_ss, avx512_ifma
Processor Information for all 4 processors :
  Max Mhz: 2995, Current Mhz: 2995, Mhz Limit: 2995

Memory: 4k page, system-wide physical 7971M (640M free)
TotalPageFile size 14649M (AvailPageFile size 60M)
current process WorkingSet (physical memory assigned to process): 62M, peak: 62M
current process commit charge ("private bytes"): 209M, peak: 209M

vm_info: Java HotSpot(TM) 64-Bit Server VM (21.0.7+8-LTS-245) for windows-amd64 JRE (21.0.7+8-LTS-245), built on 2025-02-21T05:11:27Z by "mach5one" with MS VC++ 17.6 (VS2022)

END.
