#
# There is insufficient memory for the Java Runtime Environment to continue.
# Native memory allocation (mmap) failed to map 132120576 bytes for G1 virtual space
# Possible reasons:
#   The system is out of physical RAM or swap space
#   The process is running with CompressedOops enabled, and the Java Heap may be blocking the growth of the native heap
# Possible solutions:
#   Reduce memory load on the system
#   Increase physical memory or swap space
#   Check if swap backing store is full
#   Decrease Java heap size (-Xmx/-Xms)
#   Decrease number of Java threads
#   Decrease Java thread stack sizes (-Xss)
#   Set larger code cache with -XX:ReservedCodeCacheSize=
#   JVM is running with Unscaled Compressed Oops mode in which the Java heap is
#     placed in the first 4GB address space. The Java Heap base address is the
#     maximum limit for the native heap growth. Please use -XX:HeapBaseMinAddress
#     to set the Java Heap base and to place the Java Heap above 4GB virtual address.
# This output file may be truncated or incomplete.
#
#  Out of Memory Error (os_windows.cpp:3603), pid=2160, tid=12688
#
# JRE version:  (21.0.7+8) (build )
# Java VM: Java HotSpot(TM) 64-Bit Server VM (21.0.7+8-LTS-245, mixed mode, sharing, tiered, compressed oops, compressed class ptrs, g1 gc, windows-amd64)
# No core dump will be written. Minidumps are not enabled by default on client versions of Windows
#

---------------  S U M M A R Y ------------

Command Line: -Dfile.encoding=UTF-8 -Ddb2.jcc.charsetDecoderEncoder=3 com.ibm.db2.server.DssLauncher 3000 off c:\Users\Isuru\AppData\Roaming\Code\logs\20250708T210626\window1\exthost\IBM.db2forzosdeveloperextension -Xmx256M

Host: 11th Gen Intel(R) Core(TM) i3-1115G4 @ 3.00GHz, 4 cores, 7G,  Windows 11 , 64 bit Build 26100 (10.0.26100.4202)
Time: Tue Jul  8 21:26:25 2025 Sri Lanka Standard Time elapsed time: 0.658884 seconds (0d 0h 0m 0s)

---------------  T H R E A D  ---------------

Current thread (0x00000267af08b2b0):  JavaThread "Unknown thread" [_thread_in_vm, id=12688, stack(0x000000fd2d000000,0x000000fd2d100000) (1024K)]

Stack: [0x000000fd2d000000,0x000000fd2d100000]
Native frames: (J=compiled Java code, j=interpreted, Vv=VM code, C=native code)
V  [jvm.dll+0x6cae19]
V  [jvm.dll+0x855741]
V  [jvm.dll+0x857c6e]
V  [jvm.dll+0x858343]
V  [jvm.dll+0x27e0b6]
V  [jvm.dll+0x6c7595]
V  [jvm.dll+0x6bc0fa]
V  [jvm.dll+0x353eaa]
V  [jvm.dll+0x35bb26]
V  [jvm.dll+0x3ae52e]
V  [jvm.dll+0x3ae7d8]
V  [jvm.dll+0x3281bc]
V  [jvm.dll+0x328d1b]
V  [jvm.dll+0x81eaf9]
V  [jvm.dll+0x3bb211]
V  [jvm.dll+0x807d78]
V  [jvm.dll+0x4503ee]
V  [jvm.dll+0x451fe1]
C  [jli.dll+0x52a3]
C  [ucrtbase.dll+0x37b0]
C  [KERNEL32.DLL+0x2e8d7]
C  [ntdll.dll+0x3c34c]


---------------  P R O C E S S  ---------------

Threads class SMR info:
_java_thread_list=0x00007ffaf3c3cc48, length=0, elements={
}

Java Threads: ( => current thread )
Total: 0

Other Threads:
  0x00000267b134b8a0 WorkerThread "GC Thread#0"                     [id=5768, stack(0x000000fd2d200000,0x000000fd2d300000) (1024K)]
  0x00000267b135c1c0 ConcurrentGCThread "G1 Main Marker"            [id=12344, stack(0x000000fd2d300000,0x000000fd2d400000) (1024K)]
  0x00000267b135ccc0 WorkerThread "G1 Conc#0"                       [id=10212, stack(0x000000fd2d400000,0x000000fd2d500000) (1024K)]

[error occurred during error reporting (printing all threads), id 0xc0000005, EXCEPTION_ACCESS_VIOLATION (0xc0000005) at pc=0x00007ffaf33aa947]
VM state: not at safepoint (not fully initialized)

VM Mutex/Monitor currently owned by a thread:  ([mutex/lock_event])
[0x00007ffaf3cadf50] Heap_lock - owner thread: 0x00000267af08b2b0

Heap address: 0x0000000083600000, size: 1994 MB, Compressed Oops mode: 32-bit

CDS archive(s) mapped at: [0x0000000000000000-0x0000000000000000-0x0000000000000000), size 0, SharedBaseAddress: 0x0000000800000000, ArchiveRelocationMode: 1.
Narrow klass base: 0x0000000000000000, Narrow klass shift: 0, Narrow klass range: 0x0

GC Precious Log:
 CardTable entry size: 512
 Card Set container configuration: InlinePtr #cards 5 size 8 Array Of Cards #cards 12 size 40 Howl #buckets 4 coarsen threshold 1843 Howl Bitmap #cards 512 size 80 coarsen threshold 460 Card regions per heap region 1 cards per card region 2048

Heap:
 garbage-first heap   total 0K, used 0K [0x0000000083600000, 0x0000000100000000)
  region size 1024K, 0 young (0K), 0 survivors (0K)

[error occurred during error reporting (printing heap information), id 0xc0000005, EXCEPTION_ACCESS_VIOLATION (0xc0000005) at pc=0x00007ffaf3793e79]
GC Heap History (0 events):
No events

Dll operation events (1 events):
Event: 0.025 Loaded shared library C:\Program Files\Java\jdk-21.0.7\bin\java.dll

Deoptimization events (0 events):
No events

Classes loaded (0 events):
No events

Classes unloaded (0 events):
No events

Classes redefined (0 events):
No events

Internal exceptions (0 events):
No events

ZGC Phase Switch (0 events):
No events

VM Operations (0 events):
No events

Events (0 events):
No events


Dynamic libraries:
0x00007ff7c4c00000 - 0x00007ff7c4c10000 	C:\Program Files\Java\jdk-21.0.7\bin\java.exe
0x00007ffb98d40000 - 0x00007ffb98fa5000 	C:\WINDOWS\SYSTEM32\ntdll.dll
0x00007ffb96f20000 - 0x00007ffb96fe9000 	C:\WINDOWS\System32\KERNEL32.DLL
0x00007ffb960c0000 - 0x00007ffb964a8000 	C:\WINDOWS\System32\KERNELBASE.dll
0x00007ffb95ec0000 - 0x00007ffb9600b000 	C:\WINDOWS\System32\ucrtbase.dll
0x00007ffb90740000 - 0x00007ffb90759000 	C:\Program Files\Java\jdk-21.0.7\bin\jli.dll
0x00007ffb98bf0000 - 0x00007ffb98ca3000 	C:\WINDOWS\System32\ADVAPI32.dll
0x00007ffb97820000 - 0x00007ffb978c9000 	C:\WINDOWS\System32\msvcrt.dll
0x00007ffb96ae0000 - 0x00007ffb96b86000 	C:\WINDOWS\System32\sechost.dll
0x00007ffb97200000 - 0x00007ffb97315000 	C:\WINDOWS\System32\RPCRT4.dll
0x00007ffb97a40000 - 0x00007ffb97c0a000 	C:\WINDOWS\System32\USER32.dll
0x00007ffb95e90000 - 0x00007ffb95eb7000 	C:\WINDOWS\System32\win32u.dll
0x00007ffb977f0000 - 0x00007ffb9781b000 	C:\WINDOWS\System32\GDI32.dll
0x00007ffb969a0000 - 0x00007ffb96ad7000 	C:\WINDOWS\System32\gdi32full.dll
0x00007ffb96010000 - 0x00007ffb960b3000 	C:\WINDOWS\System32\msvcp_win.dll
0x00007ffb81e30000 - 0x00007ffb81e4b000 	C:\Program Files\Java\jdk-21.0.7\bin\VCRUNTIME140.dll
0x00007ffb6fd60000 - 0x00007ffb6fffa000 	C:\WINDOWS\WinSxS\amd64_microsoft.windows.common-controls_6595b64144ccf1df_6.0.26100.4202_none_3e0698d4e335f517\COMCTL32.dll
0x00007ffb86c30000 - 0x00007ffb86c3b000 	C:\WINDOWS\SYSTEM32\VERSION.dll
0x00007ffb97e50000 - 0x00007ffb97e80000 	C:\WINDOWS\System32\IMM32.DLL
0x00007ffb84130000 - 0x00007ffb8413c000 	C:\Program Files\Java\jdk-21.0.7\bin\vcruntime140_1.dll
0x00007ffb64c80000 - 0x00007ffb64d0e000 	C:\Program Files\Java\jdk-21.0.7\bin\msvcp140.dll
0x00007ffaf3070000 - 0x00007ffaf3d8a000 	C:\Program Files\Java\jdk-21.0.7\bin\server\jvm.dll
0x00007ffb97180000 - 0x00007ffb971f4000 	C:\WINDOWS\System32\WS2_32.dll
0x00007ffb95670000 - 0x00007ffb956ce000 	C:\WINDOWS\SYSTEM32\POWRPROF.dll
0x00007ffb80bc0000 - 0x00007ffb80bf5000 	C:\WINDOWS\SYSTEM32\WINMM.dll
0x00007ffb95650000 - 0x00007ffb95664000 	C:\WINDOWS\SYSTEM32\UMPDC.dll
0x00007ffb94c50000 - 0x00007ffb94c6b000 	C:\WINDOWS\SYSTEM32\kernel.appcore.dll
0x00007ffb81e20000 - 0x00007ffb81e2a000 	C:\Program Files\Java\jdk-21.0.7\bin\jimage.dll
0x00007ffb935c0000 - 0x00007ffb93801000 	C:\WINDOWS\SYSTEM32\DBGHELP.DLL
0x00007ffb96b90000 - 0x00007ffb96f15000 	C:\WINDOWS\System32\combase.dll
0x00007ffb97020000 - 0x00007ffb97101000 	C:\WINDOWS\System32\OLEAUT32.dll
0x00007ffb7a330000 - 0x00007ffb7a369000 	C:\WINDOWS\SYSTEM32\dbgcore.DLL
0x00007ffb96570000 - 0x00007ffb96609000 	C:\WINDOWS\System32\bcryptPrimitives.dll
0x00007ffb811c0000 - 0x00007ffb811df000 	C:\Program Files\Java\jdk-21.0.7\bin\java.dll

dbghelp: loaded successfully - version: 4.0.5 - missing functions: none
symbol engine: initialized successfully - sym options: 0x614 - pdb path: .;C:\Program Files\Java\jdk-21.0.7\bin;C:\WINDOWS\SYSTEM32;C:\WINDOWS\WinSxS\amd64_microsoft.windows.common-controls_6595b64144ccf1df_6.0.26100.4202_none_3e0698d4e335f517;C:\Program Files\Java\jdk-21.0.7\bin\server

VM Arguments:
jvm_args: -Dfile.encoding=UTF-8 -Ddb2.jcc.charsetDecoderEncoder=3 
java_command: com.ibm.db2.server.DssLauncher 3000 off c:\Users\Isuru\AppData\Roaming\Code\logs\20250708T210626\window1\exthost\IBM.db2forzosdeveloperextension -Xmx256M
java_class_path (initial): c:\Users\Isuru\.vscode\extensions\ibm.db2forzosdeveloperextension-2.2.3\dist\dss-dist-2.2.3.jar;;c:\Users\Isuru\.vscode\extensions\ibm.db2forzosdeveloperextension-2.2.3\lib\db2jcc4.jar;c:\Users\Isuru\.vscode\extensions\ibm.db2forzosdeveloperextension-2.2.3\lib\sqlj4.zip
Launcher Type: SUN_STANDARD

[Global flags]
     intx CICompilerCount                          = 3                                         {product} {ergonomic}
     uint ConcGCThreads                            = 1                                         {product} {ergonomic}
     uint G1ConcRefinementThreads                  = 4                                         {product} {ergonomic}
   size_t G1HeapRegionSize                         = 1048576                                   {product} {ergonomic}
    uintx GCDrainStackTargetSize                   = 64                                        {product} {ergonomic}
   size_t InitialHeapSize                          = 132120576                                 {product} {ergonomic}
   size_t MarkStackSize                            = 4194304                                   {product} {ergonomic}
   size_t MaxHeapSize                              = 2090860544                                {product} {ergonomic}
   size_t MinHeapDeltaBytes                        = 1048576                                   {product} {ergonomic}
   size_t MinHeapSize                              = 8388608                                   {product} {ergonomic}
    uintx NonNMethodCodeHeapSize                   = 5832780                                {pd product} {ergonomic}
    uintx NonProfiledCodeHeapSize                  = 122912730                              {pd product} {ergonomic}
    uintx ProfiledCodeHeapSize                     = 122912730                              {pd product} {ergonomic}
    uintx ReservedCodeCacheSize                    = 251658240                              {pd product} {ergonomic}
     bool SegmentedCodeCache                       = true                                      {product} {ergonomic}
   size_t SoftMaxHeapSize                          = 2090860544                             {manageable} {ergonomic}
     bool UseCompressedOops                        = true                           {product lp64_product} {ergonomic}
     bool UseG1GC                                  = true                                      {product} {ergonomic}
     bool UseLargePagesIndividualAllocation        = false                                  {pd product} {ergonomic}

Logging:
Log output configuration:
 #0: stdout all=warning uptime,level,tags foldmultilines=false
 #1: stderr all=off uptime,level,tags foldmultilines=false

Environment Variables:
JAVA_HOME=C:\Program Files\Java\jdk-21.0.7
PATH=C:\oraclexe\app\oracle\product\11.2.0\server\bin;C:\Program Files\Java\jdk-21.0.7\bin;C:\WINDOWS\system32;C:\WINDOWS;C:\WINDOWS\System32\Wbem;C:\WINDOWS\System32\WindowsPowerShell\v1.0\;C:\WINDOWS\System32\OpenSSH\;C:\xampp\php;C:\Program Files\MiKTeX\miktex\bin\x64\;C:\ProgramData\ComposerSetup\bin;C:\Program Files\nodejs\;C:\Program Files\dotnet\;C:\Program Files (x86)\Windows Kits\10\Windows Performance Toolkit\;C:\Program Files\Git\cmd;C:\Program Files\Docker\Docker\resources\bin;C:\apache-maven-3.6.3\bin;C:\Users\Isuru\AppData\Local\Programs\Microsoft VS Code\bin;C:\Users\Isuru\AppData\Local\Programs\Microsoft VS Code\bin;C:\Users\Isuru\AppData\Local\Microsoft\WindowsApps;;C:\Program Files\JetBrains\IntelliJ IDEA 2025.1.2\bin;
USERNAME=Isuru
OS=Windows_NT
PROCESSOR_IDENTIFIER=Intel64 Family 6 Model 140 Stepping 1, GenuineIntel
TMP=C:\Users\Isuru\AppData\Local\Temp
TEMP=C:\Users\Isuru\AppData\Local\Temp




Periodic native trim disabled

---------------  S Y S T E M  ---------------

OS:
 Windows 11 , 64 bit Build 26100 (10.0.26100.4202)
OS uptime: 0 days 5:24 hours
Hyper-V role detected

CPU: total 4 (initial active 4) (2 cores per cpu, 2 threads per core) family 6 model 140 stepping 1 microcode 0x8a, cx8, cmov, fxsr, ht, mmx, 3dnowpref, sse, sse2, sse3, ssse3, sse4.1, sse4.2, popcnt, lzcnt, tsc, tscinvbit, avx, avx2, aes, erms, clmul, bmi1, bmi2, adx, avx512f, avx512dq, avx512cd, avx512bw, avx512vl, sha, fma, vzeroupper, avx512_vpopcntdq, avx512_vpclmulqdq, avx512_vaes, avx512_vnni, clflush, clflushopt, clwb, avx512_vbmi2, avx512_vbmi, hv, rdtscp, rdpid, fsrm, gfni, avx512_bitalg, f16c, cet_ibt, cet_ss, avx512_ifma
Processor Information for all 4 processors :
  Max Mhz: 2995, Current Mhz: 2995, Mhz Limit: 2995

Memory: 4k page, system-wide physical 7971M (457M free)
TotalPageFile size 14649M (AvailPageFile size 4M)
current process WorkingSet (physical memory assigned to process): 12M, peak: 12M
current process commit charge ("private bytes"): 52M, peak: 178M

vm_info: Java HotSpot(TM) 64-Bit Server VM (21.0.7+8-LTS-245) for windows-amd64 JRE (21.0.7+8-LTS-245), built on 2025-02-21T05:11:27Z by "mach5one" with MS VC++ 17.6 (VS2022)

END.
