#
# There is insufficient memory for the Java Runtime Environment to continue.
# Native memory allocation (malloc) failed to allocate 1499376 bytes. Error detail: Chunk::new
# Possible reasons:
#   The system is out of physical RAM or swap space
#   This process is running with CompressedOops enabled, and the Java Heap may be blocking the growth of the native heap
# Possible solutions:
#   Reduce memory load on the system
#   Increase physical memory or swap space
#   Check if swap backing store is full
#   Decrease Java heap size (-Xmx/-Xms)
#   Decrease number of Java threads
#   Decrease Java thread stack sizes (-Xss)
#   Set larger code cache with -XX:ReservedCodeCacheSize=
#   JVM is running with Unscaled Compressed Oops mode in which the Java heap is
#     placed in the first 4GB address space. The Java Heap base address is the
#     maximum limit for the native heap growth. Please use -XX:HeapBaseMinAddress
#     to set the Java Heap base and to place the Java Heap above 4GB virtual address.
# This output file may be truncated or incomplete.
#
#  Out of Memory Error (arena.cpp:168), pid=10940, tid=4516
#
# JRE version: OpenJDK Runtime Environment Temurin-21.0.7+6 (21.0.7+6) (build 21.0.7+6-LTS)
# Java VM: OpenJDK 64-Bit Server VM Temurin-21.0.7+6 (21.0.7+6-LTS, mixed mode, sharing, tiered, compressed oops, compressed class ptrs, parallel gc, windows-amd64)
# No core dump will be written. Minidumps are not enabled by default on client versions of Windows
#

---------------  S U M M A R Y ------------

Command Line: --add-modules=ALL-SYSTEM --add-opens=java.base/java.util=ALL-UNNAMED --add-opens=java.base/java.lang=ALL-UNNAMED --add-opens=java.base/sun.nio.fs=ALL-UNNAMED -Declipse.application=org.eclipse.jdt.ls.core.id1 -Dosgi.bundles.defaultStartLevel=4 -Declipse.product=org.eclipse.jdt.ls.core.product -Djava.import.generatesMetadataFilesAtProjectRoot=false -DDetectVMInstallationsJob.disabled=true -Dfile.encoding=utf8 -XX:+UseParallelGC -XX:GCTimeRatio=4 -XX:AdaptiveSizePolicyWeight=90 -Dsun.zip.disableMemoryMapping=true -Xmx2G -Xms100m -Xlog:disable -javaagent:c:\Users\Isuru\.vscode\extensions\redhat.java-1.43.1-win32-x64\lombok\lombok-1.18.39-4050.jar c:\Users\Isuru\.vscode\extensions\redhat.java-1.43.1-win32-x64\server\plugins\org.eclipse.equinox.launcher_1.7.0.v20250519-0528.jar -configuration c:\Users\Isuru\AppData\Roaming\Code\User\globalStorage\redhat.java\1.43.1\config_ss_win -data c:\Users\Isuru\AppData\Roaming\Code\User\workspaceStorage\88fd49249323cf006df150a8ac781ebd\redhat.java\ss_ws --pipe=\\.\pipe\lsp-8b2ad2f9682cf77f450a11cce1b22719-sock

Host: 11th Gen Intel(R) Core(TM) i3-1115G4 @ 3.00GHz, 4 cores, 7G,  Windows 11 , 64 bit Build 26100 (10.0.26100.4484)
Time: Tue Jul 22 10:08:15 2025 Sri Lanka Standard Time elapsed time: 4.417060 seconds (0d 0h 0m 4s)

---------------  T H R E A D  ---------------

Current thread (0x000002526c552f20):  JavaThread "C2 CompilerThread0" daemon [_thread_in_native, id=4516, stack(0x000000adeb000000,0x000000adeb100000) (1024K)]


Current CompileTask:
C2:4417 2574       4       org.lombokweb.asm.ClassReader::readMethod (1070 bytes)

Stack: [0x000000adeb000000,0x000000adeb100000]
Native frames: (J=compiled Java code, j=interpreted, Vv=VM code, C=native code)
V  [jvm.dll+0x6ce119]
V  [jvm.dll+0x8a84a1]
V  [jvm.dll+0x8aa9ce]
V  [jvm.dll+0x8ab0b3]
V  [jvm.dll+0x27f8a6]
V  [jvm.dll+0xc507d]
V  [jvm.dll+0xc55b3]
V  [jvm.dll+0x3b68f2]
V  [jvm.dll+0x382aa5]
V  [jvm.dll+0x381f0a]
V  [jvm.dll+0x247af0]
V  [jvm.dll+0x2470cf]
V  [jvm.dll+0x1c760e]
V  [jvm.dll+0x25695a]
V  [jvm.dll+0x254efa]
V  [jvm.dll+0x3f03f6]
V  [jvm.dll+0x851f6b]
V  [jvm.dll+0x6cc7dd]
C  [ucrtbase.dll+0x37b0]
C  [KERNEL32.DLL+0x2e8d7]
C  [ntdll.dll+0x3c34c]


---------------  P R O C E S S  ---------------

Threads class SMR info:
_java_thread_list=0x0000025249eecc20, length=20, elements={
0x000002526c63cf70, 0x000002526c6fde30, 0x000002526c530ac0, 0x000002526c536e80,
0x000002526c539aa0, 0x000002526c53d000, 0x000002526c53e6d0, 0x000002526c552f20,
0x000002526c555680, 0x000002527fbda980, 0x000002527fbdb6a0, 0x000002527fbdd0e0,
0x000002527fbdbd30, 0x000002527fbdc3c0, 0x000002527fbdca50, 0x000002527fbd9c60,
0x000002527fbda2f0, 0x000002527fbdb010, 0x0000025249a60c90, 0x0000025249a61320
}

Java Threads: ( => current thread )
  0x000002526c63cf70 JavaThread "main"                              [_thread_blocked, id=5272, stack(0x000000adea600000,0x000000adea700000) (1024K)]
  0x000002526c6fde30 JavaThread "Reference Handler"          daemon [_thread_blocked, id=16108, stack(0x000000adeaa00000,0x000000adeab00000) (1024K)]
  0x000002526c530ac0 JavaThread "Finalizer"                  daemon [_thread_blocked, id=5440, stack(0x000000adeab00000,0x000000adeac00000) (1024K)]
  0x000002526c536e80 JavaThread "Signal Dispatcher"          daemon [_thread_blocked, id=9392, stack(0x000000adeac00000,0x000000adead00000) (1024K)]
  0x000002526c539aa0 JavaThread "Attach Listener"            daemon [_thread_blocked, id=7480, stack(0x000000adead00000,0x000000adeae00000) (1024K)]
  0x000002526c53d000 JavaThread "Service Thread"             daemon [_thread_blocked, id=14964, stack(0x000000adeae00000,0x000000adeaf00000) (1024K)]
  0x000002526c53e6d0 JavaThread "Monitor Deflation Thread"   daemon [_thread_blocked, id=14192, stack(0x000000adeaf00000,0x000000adeb000000) (1024K)]
=>0x000002526c552f20 JavaThread "C2 CompilerThread0"         daemon [_thread_in_native, id=4516, stack(0x000000adeb000000,0x000000adeb100000) (1024K)]
  0x000002526c555680 JavaThread "C1 CompilerThread0"         daemon [_thread_blocked, id=5892, stack(0x000000adeb100000,0x000000adeb200000) (1024K)]
  0x000002527fbda980 JavaThread "Common-Cleaner"             daemon [_thread_blocked, id=19524, stack(0x000000adeb200000,0x000000adeb300000) (1024K)]
  0x000002527fbdb6a0 JavaThread "Notification Thread"        daemon [_thread_blocked, id=2592, stack(0x000000adeb300000,0x000000adeb400000) (1024K)]
  0x000002527fbdd0e0 JavaThread "Active Thread: Equinox Container: f1a0c4ec-98d5-4527-b216-fa7e0ea6fd8f"        [_thread_blocked, id=10232, stack(0x000000adeb800000,0x000000adeb900000) (1024K)]
  0x000002527fbdbd30 JavaThread "Framework Event Dispatcher: Equinox Container: f1a0c4ec-98d5-4527-b216-fa7e0ea6fd8f" daemon [_thread_blocked, id=16968, stack(0x000000adeb900000,0x000000adeba00000) (1024K)]
  0x000002527fbdc3c0 JavaThread "Start Level: Equinox Container: f1a0c4ec-98d5-4527-b216-fa7e0ea6fd8f" daemon [_thread_blocked, id=11652, stack(0x000000adeba00000,0x000000adebb00000) (1024K)]
  0x000002527fbdca50 JavaThread "SCR Component Actor"        daemon [_thread_blocked, id=16228, stack(0x000000adebb00000,0x000000adebc00000) (1024K)]
  0x000002527fbd9c60 JavaThread "SCR Component Registry"     daemon [_thread_blocked, id=18372, stack(0x000000adeb400000,0x000000adeb500000) (1024K)]
  0x000002527fbda2f0 JavaThread "Worker-JM"                         [_thread_blocked, id=3032, stack(0x000000adebd00000,0x000000adebe00000) (1024K)]
  0x000002527fbdb010 JavaThread "Worker-0"                          [_thread_blocked, id=1844, stack(0x000000adebe00000,0x000000adebf00000) (1024K)]
  0x0000025249a60c90 JavaThread "Worker-1"                          [_thread_blocked, id=2240, stack(0x000000adebf00000,0x000000adec000000) (1024K)]
  0x0000025249a61320 JavaThread "Java indexing"              daemon [_thread_in_Java, id=13656, stack(0x000000adec000000,0x000000adec100000) (1024K)]
Total: 20

Other Threads:
  0x000002526c52f6a0 VMThread "VM Thread"                           [id=4496, stack(0x000000adea900000,0x000000adeaa00000) (1024K)]
  0x000002526c4cc7e0 WatcherThread "VM Periodic Task Thread"        [id=16608, stack(0x000000adea800000,0x000000adea900000) (1024K)]
  0x000002526c65b460 WorkerThread "GC Thread#0"                     [id=17124, stack(0x000000adea700000,0x000000adea800000) (1024K)]
  0x00000252492f1ca0 WorkerThread "GC Thread#1"                     [id=16264, stack(0x000000adeb500000,0x000000adeb600000) (1024K)]
  0x0000025249452200 WorkerThread "GC Thread#2"                     [id=8824, stack(0x000000adeb600000,0x000000adeb700000) (1024K)]
  0x0000025249452af0 WorkerThread "GC Thread#3"                     [id=17572, stack(0x000000adeb700000,0x000000adeb800000) (1024K)]
Total: 6

Threads with active compile tasks:
C2 CompilerThread0  4447 2574       4       org.lombokweb.asm.ClassReader::readMethod (1070 bytes)
Total: 1

VM state: not at safepoint (normal execution)

VM Mutex/Monitor currently owned by a thread: None

Heap address: 0x0000000080000000, size: 2048 MB, Compressed Oops mode: 32-bit

CDS archive(s) mapped at: [0x0000025204000000-0x0000025204ba0000-0x0000025204ba0000), size 12189696, SharedBaseAddress: 0x0000025204000000, ArchiveRelocationMode: 1.
Compressed class space mapped at: 0x0000025205000000-0x0000025245000000, reserved size: 1073741824
Narrow klass base: 0x0000025204000000, Narrow klass shift: 0, Narrow klass range: 0x100000000

GC Precious Log:
 CardTable entry size: 512
 CPUs: 4 total, 4 available
 Memory: 7971M
 Large Page Support: Disabled
 NUMA Support: Disabled
 Compressed Oops: Enabled (32-bit)
 Alignments: Space 512K, Generation 512K, Heap 2M
 Heap Min Capacity: 100M
 Heap Initial Capacity: 100M
 Heap Max Capacity: 2G
 Pre-touch: Disabled
 Parallel Workers: 4

Heap:
 PSYoungGen      total 30720K, used 1466K [0x00000000d5580000, 0x00000000d7900000, 0x0000000100000000)
  eden space 25088K, 5% used [0x00000000d5580000,0x00000000d56ee9c8,0x00000000d6e00000)
  from space 5632K, 0% used [0x00000000d7380000,0x00000000d7380000,0x00000000d7900000)
  to   space 4096K, 0% used [0x00000000d6e80000,0x00000000d6e80000,0x00000000d7280000)
 ParOldGen       total 68608K, used 10525K [0x0000000080000000, 0x0000000084300000, 0x00000000d5580000)
  object space 68608K, 15% used [0x0000000080000000,0x0000000080a47498,0x0000000084300000)
 Metaspace       used 21013K, committed 21632K, reserved 1114112K
  class space    used 1963K, committed 2240K, reserved 1048576K

Card table byte_map: [0x000002526bfe0000,0x000002526c3f0000] _byte_map_base: 0x000002526bbe0000

Marking Bits: (ParMarkBitMap*) 0x00007ffbb86531f0
 Begin Bits: [0x0000025200000000, 0x0000025202000000)
 End Bits:   [0x0000025202000000, 0x0000025204000000)

Polling page: 0x000002526a490000

Metaspace:

Usage:
  Non-class:     18.60 MB used.
      Class:      1.92 MB used.
       Both:     20.52 MB used.

Virtual space:
  Non-class space:       64.00 MB reserved,      18.94 MB ( 30%) committed,  1 nodes.
      Class space:        1.00 GB reserved,       2.19 MB ( <1%) committed,  1 nodes.
             Both:        1.06 GB reserved,      21.12 MB (  2%) committed. 

Chunk freelists:
   Non-Class:  12.36 MB
       Class:  13.83 MB
        Both:  26.19 MB

MaxMetaspaceSize: unlimited
CompressedClassSpaceSize: 1.00 GB
Initial GC threshold: 21.00 MB
Current GC threshold: 35.00 MB
CDS: on
 - commit_granule_bytes: 65536.
 - commit_granule_words: 8192.
 - virtual_space_node_default_size: 8388608.
 - enlarge_chunks_in_place: 1.
 - use_allocation_guard: 0.


Internal statistics:

num_allocs_failed_limit: 3.
num_arena_births: 490.
num_arena_deaths: 14.
num_vsnodes_births: 2.
num_vsnodes_deaths: 0.
num_space_committed: 338.
num_space_uncommitted: 0.
num_chunks_returned_to_freelist: 17.
num_chunks_taken_from_freelist: 1266.
num_chunk_merges: 6.
num_chunk_splits: 840.
num_chunks_enlarged: 547.
num_inconsistent_stats: 0.

CodeHeap 'non-profiled nmethods': size=120000Kb used=1228Kb max_used=1228Kb free=118771Kb
 bounds [0x0000025277300000, 0x0000025277570000, 0x000002527e830000]
CodeHeap 'profiled nmethods': size=120000Kb used=5565Kb max_used=5565Kb free=114434Kb
 bounds [0x000002526f830000, 0x000002526fda0000, 0x0000025276d60000]
CodeHeap 'non-nmethods': size=5760Kb used=1315Kb max_used=1332Kb free=4444Kb
 bounds [0x0000025276d60000, 0x0000025276fd0000, 0x0000025277300000]
 total_blobs=3390 nmethods=2802 adapters=494
 compilation: enabled
              stopped_count=0, restarted_count=0
 full_count=0

Compilation events (20 events):
Event: 4.210 Thread 0x000002526c555680 2710       3       java.lang.invoke.LambdaForm$MH/0x0000025205175400::invoke (39 bytes)
Event: 4.210 Thread 0x000002526c555680 nmethod 2710 0x000002526fd66510 code [0x000002526fd66760, 0x000002526fd67420]
Event: 4.210 Thread 0x000002526c555680 2709       3       java.util.PropertyResourceBundle::handleGetObject (23 bytes)
Event: 4.210 Thread 0x000002526c555680 nmethod 2709 0x000002526fd67790 code [0x000002526fd67960, 0x000002526fd67c30]
Event: 4.212 Thread 0x000002526c555680 2712       3       java.util.EnumSet::typeCheck (59 bytes)
Event: 4.213 Thread 0x000002526c555680 nmethod 2712 0x000002526fd67d10 code [0x000002526fd67fc0, 0x000002526fd689f0]
Event: 4.215 Thread 0x000002526c555680 2713       3       java.lang.Boolean::valueOf (14 bytes)
Event: 4.215 Thread 0x000002526c555680 nmethod 2713 0x000002526fd68e10 code [0x000002526fd68fc0, 0x000002526fd69128]
Event: 4.215 Thread 0x000002526c555680 2714       1       org.eclipse.core.internal.jobs.InternalJob::previous (5 bytes)
Event: 4.215 Thread 0x000002526c555680 nmethod 2714 0x000002527742c510 code [0x000002527742c6a0, 0x000002527742c768]
Event: 4.221 Thread 0x000002526c555680 2717       3       jdk.internal.org.objectweb.asm.AnnotationWriter::putAnnotations (110 bytes)
Event: 4.221 Thread 0x00000252497a2490 nmethod 2682 0x000002527742ce10 code [0x000002527742d060, 0x000002527742dce8]
Event: 4.221 Thread 0x000002526c555680 nmethod 2717 0x000002526fd69190 code [0x000002526fd693a0, 0x000002526fd697c0]
Event: 4.221 Thread 0x00000252497a2490 2711       4       java.lang.invoke.LambdaForm::prepare (108 bytes)
Event: 4.221 Thread 0x000002526c555680 2719       3       java.lang.invoke.LambdaForm::methodType (48 bytes)
Event: 4.222 Thread 0x000002526c555680 nmethod 2719 0x000002526fd69a90 code [0x000002526fd69c80, 0x000002526fd6a220]
Event: 4.222 Thread 0x000002526c555680 2720       3       java.lang.invoke.InvokerBytecodeGenerator::generateCustomizedCode (34 bytes)
Event: 4.222 Thread 0x000002526c555680 nmethod 2720 0x000002526fd6a510 code [0x000002526fd6a700, 0x000002526fd6a9c0]
Event: 4.222 Thread 0x00000252497a2490 nmethod 2711 0x000002527742eb10 code [0x000002527742eca0, 0x000002527742edb0]
Event: 4.227 Thread 0x00000252497a2490 2721       4       java.util.regex.Matcher::search (154 bytes)

GC Heap History (10 events):
Event: 1.453 GC heap before
{Heap before GC invocations=1 (full 0):
 PSYoungGen      total 29696K, used 25600K [0x00000000d5580000, 0x00000000d7680000, 0x0000000100000000)
  eden space 25600K, 100% used [0x00000000d5580000,0x00000000d6e80000,0x00000000d6e80000)
  from space 4096K, 0% used [0x00000000d7280000,0x00000000d7280000,0x00000000d7680000)
  to   space 4096K, 0% used [0x00000000d6e80000,0x00000000d6e80000,0x00000000d7280000)
 ParOldGen       total 68608K, used 0K [0x0000000080000000, 0x0000000084300000, 0x00000000d5580000)
  object space 68608K, 0% used [0x0000000080000000,0x0000000080000000,0x0000000084300000)
 Metaspace       used 4340K, committed 4608K, reserved 1114112K
  class space    used 459K, committed 576K, reserved 1048576K
}
Event: 1.460 GC heap after
{Heap after GC invocations=1 (full 0):
 PSYoungGen      total 29696K, used 3303K [0x00000000d5580000, 0x00000000d7680000, 0x0000000100000000)
  eden space 25600K, 0% used [0x00000000d5580000,0x00000000d5580000,0x00000000d6e80000)
  from space 4096K, 80% used [0x00000000d6e80000,0x00000000d71b9c68,0x00000000d7280000)
  to   space 4096K, 0% used [0x00000000d7280000,0x00000000d7280000,0x00000000d7680000)
 ParOldGen       total 68608K, used 8K [0x0000000080000000, 0x0000000084300000, 0x00000000d5580000)
  object space 68608K, 0% used [0x0000000080000000,0x0000000080002000,0x0000000084300000)
 Metaspace       used 4340K, committed 4608K, reserved 1114112K
  class space    used 459K, committed 576K, reserved 1048576K
}
Event: 2.433 GC heap before
{Heap before GC invocations=2 (full 0):
 PSYoungGen      total 29696K, used 28903K [0x00000000d5580000, 0x00000000d7680000, 0x0000000100000000)
  eden space 25600K, 99% used [0x00000000d5580000,0x00000000d6e7fff8,0x00000000d6e80000)
  from space 4096K, 80% used [0x00000000d6e80000,0x00000000d71b9c68,0x00000000d7280000)
  to   space 4096K, 0% used [0x00000000d7280000,0x00000000d7280000,0x00000000d7680000)
 ParOldGen       total 68608K, used 8K [0x0000000080000000, 0x0000000084300000, 0x00000000d5580000)
  object space 68608K, 0% used [0x0000000080000000,0x0000000080002000,0x0000000084300000)
 Metaspace       used 8163K, committed 8448K, reserved 1114112K
  class space    used 845K, committed 1024K, reserved 1048576K
}
Event: 2.439 GC heap after
{Heap after GC invocations=2 (full 0):
 PSYoungGen      total 29696K, used 4087K [0x00000000d5580000, 0x00000000d7680000, 0x0000000100000000)
  eden space 25600K, 0% used [0x00000000d5580000,0x00000000d5580000,0x00000000d6e80000)
  from space 4096K, 99% used [0x00000000d7280000,0x00000000d767dc58,0x00000000d7680000)
  to   space 4096K, 0% used [0x00000000d6e80000,0x00000000d6e80000,0x00000000d7280000)
 ParOldGen       total 68608K, used 894K [0x0000000080000000, 0x0000000084300000, 0x00000000d5580000)
  object space 68608K, 1% used [0x0000000080000000,0x00000000800df9f0,0x0000000084300000)
 Metaspace       used 8163K, committed 8448K, reserved 1114112K
  class space    used 845K, committed 1024K, reserved 1048576K
}
Event: 3.152 GC heap before
{Heap before GC invocations=3 (full 0):
 PSYoungGen      total 29696K, used 29631K [0x00000000d5580000, 0x00000000d7680000, 0x0000000100000000)
  eden space 25600K, 99% used [0x00000000d5580000,0x00000000d6e72190,0x00000000d6e80000)
  from space 4096K, 99% used [0x00000000d7280000,0x00000000d767dc58,0x00000000d7680000)
  to   space 4096K, 0% used [0x00000000d6e80000,0x00000000d6e80000,0x00000000d7280000)
 ParOldGen       total 68608K, used 894K [0x0000000080000000, 0x0000000084300000, 0x00000000d5580000)
  object space 68608K, 1% used [0x0000000080000000,0x00000000800df9f0,0x0000000084300000)
 Metaspace       used 12998K, committed 13440K, reserved 1114112K
  class space    used 1335K, committed 1536K, reserved 1048576K
}
Event: 3.159 GC heap after
{Heap after GC invocations=3 (full 0):
 PSYoungGen      total 29696K, used 4079K [0x00000000d5580000, 0x00000000d7680000, 0x0000000100000000)
  eden space 25600K, 0% used [0x00000000d5580000,0x00000000d5580000,0x00000000d6e80000)
  from space 4096K, 99% used [0x00000000d6e80000,0x00000000d727bcf8,0x00000000d7280000)
  to   space 4096K, 0% used [0x00000000d7280000,0x00000000d7280000,0x00000000d7680000)
 ParOldGen       total 68608K, used 2660K [0x0000000080000000, 0x0000000084300000, 0x00000000d5580000)
  object space 68608K, 3% used [0x0000000080000000,0x00000000802990a8,0x0000000084300000)
 Metaspace       used 12998K, committed 13440K, reserved 1114112K
  class space    used 1335K, committed 1536K, reserved 1048576K
}
Event: 3.530 GC heap before
{Heap before GC invocations=4 (full 0):
 PSYoungGen      total 29696K, used 29679K [0x00000000d5580000, 0x00000000d7680000, 0x0000000100000000)
  eden space 25600K, 100% used [0x00000000d5580000,0x00000000d6e80000,0x00000000d6e80000)
  from space 4096K, 99% used [0x00000000d6e80000,0x00000000d727bcf8,0x00000000d7280000)
  to   space 4096K, 0% used [0x00000000d7280000,0x00000000d7280000,0x00000000d7680000)
 ParOldGen       total 68608K, used 2660K [0x0000000080000000, 0x0000000084300000, 0x00000000d5580000)
  object space 68608K, 3% used [0x0000000080000000,0x00000000802990a8,0x0000000084300000)
 Metaspace       used 15927K, committed 16576K, reserved 1114112K
  class space    used 1608K, committed 1920K, reserved 1048576K
}
Event: 3.536 GC heap after
{Heap after GC invocations=4 (full 0):
 PSYoungGen      total 29696K, used 4082K [0x00000000d5580000, 0x00000000d7680000, 0x0000000100000000)
  eden space 25600K, 0% used [0x00000000d5580000,0x00000000d5580000,0x00000000d6e80000)
  from space 4096K, 99% used [0x00000000d7280000,0x00000000d767ca68,0x00000000d7680000)
  to   space 4096K, 0% used [0x00000000d6e80000,0x00000000d6e80000,0x00000000d7280000)
 ParOldGen       total 68608K, used 5320K [0x0000000080000000, 0x0000000084300000, 0x00000000d5580000)
  object space 68608K, 7% used [0x0000000080000000,0x0000000080532330,0x0000000084300000)
 Metaspace       used 15927K, committed 16576K, reserved 1114112K
  class space    used 1608K, committed 1920K, reserved 1048576K
}
Event: 3.978 GC heap before
{Heap before GC invocations=5 (full 0):
 PSYoungGen      total 29696K, used 29647K [0x00000000d5580000, 0x00000000d7680000, 0x0000000100000000)
  eden space 25600K, 99% used [0x00000000d5580000,0x00000000d6e77588,0x00000000d6e80000)
  from space 4096K, 99% used [0x00000000d7280000,0x00000000d767ca68,0x00000000d7680000)
  to   space 4096K, 0% used [0x00000000d6e80000,0x00000000d6e80000,0x00000000d7280000)
 ParOldGen       total 68608K, used 5320K [0x0000000080000000, 0x0000000084300000, 0x00000000d5580000)
  object space 68608K, 7% used [0x0000000080000000,0x0000000080532330,0x0000000084300000)
 Metaspace       used 20135K, committed 20800K, reserved 1114112K
  class space    used 1911K, committed 2240K, reserved 1048576K
}
Event: 3.984 GC heap after
{Heap after GC invocations=5 (full 0):
 PSYoungGen      total 29184K, used 4065K [0x00000000d5580000, 0x00000000d7900000, 0x0000000100000000)
  eden space 25088K, 0% used [0x00000000d5580000,0x00000000d5580000,0x00000000d6e00000)
  from space 4096K, 99% used [0x00000000d6e80000,0x00000000d72787d0,0x00000000d7280000)
  to   space 5632K, 0% used [0x00000000d7380000,0x00000000d7380000,0x00000000d7900000)
 ParOldGen       total 68608K, used 5690K [0x0000000080000000, 0x0000000084300000, 0x00000000d5580000)
  object space 68608K, 8% used [0x0000000080000000,0x000000008058ea10,0x0000000084300000)
 Metaspace       used 20135K, committed 20800K, reserved 1114112K
  class space    used 1911K, committed 2240K, reserved 1048576K
}

Dll operation events (9 events):
Event: 0.070 Loaded shared library c:\Users\Isuru\.vscode\extensions\redhat.java-1.43.1-win32-x64\jre\21.0.7-win32-x86_64\bin\java.dll
Event: 0.169 Loaded shared library c:\Users\Isuru\.vscode\extensions\redhat.java-1.43.1-win32-x64\jre\21.0.7-win32-x86_64\bin\zip.dll
Event: 0.198 Loaded shared library C:\Users\Isuru\.vscode\extensions\redhat.java-1.43.1-win32-x64\jre\21.0.7-win32-x86_64\bin\instrument.dll
Event: 0.251 Loaded shared library C:\Users\Isuru\.vscode\extensions\redhat.java-1.43.1-win32-x64\jre\21.0.7-win32-x86_64\bin\net.dll
Event: 0.279 Loaded shared library C:\Users\Isuru\.vscode\extensions\redhat.java-1.43.1-win32-x64\jre\21.0.7-win32-x86_64\bin\nio.dll
Event: 0.284 Loaded shared library C:\Users\Isuru\.vscode\extensions\redhat.java-1.43.1-win32-x64\jre\21.0.7-win32-x86_64\bin\zip.dll
Event: 0.317 Loaded shared library C:\Users\Isuru\.vscode\extensions\redhat.java-1.43.1-win32-x64\jre\21.0.7-win32-x86_64\bin\jimage.dll
Event: 0.464 Loaded shared library c:\Users\Isuru\.vscode\extensions\redhat.java-1.43.1-win32-x64\jre\21.0.7-win32-x86_64\bin\verify.dll
Event: 2.404 Loaded shared library C:\Users\Isuru\AppData\Roaming\Code\User\globalStorage\redhat.java\1.43.1\config_ss_win\org.eclipse.equinox.launcher\org.eclipse.equinox.launcher.win32.win32.x86_64_1.2.1300.v20250331-1702\eclipse_11911.dll

Deoptimization events (20 events):
Event: 3.854 Thread 0x000002527fbdc3c0 Uncommon trap: trap_request=0xffffff45 fr.pc=0x0000025277417fa4 relative=0x0000000000000364
Event: 3.854 Thread 0x000002527fbdc3c0 Uncommon trap: reason=unstable_if action=reinterpret pc=0x0000025277417fa4 method=org.lombokweb.asm.Label.resolve([BLorg/lombokweb/asm/ByteVector;I)Z @ 81 c2
Event: 3.854 Thread 0x000002527fbdc3c0 DEOPT PACKING pc=0x0000025277417fa4 sp=0x000000adebaee600
Event: 3.855 Thread 0x000002527fbdc3c0 DEOPT UNPACKING pc=0x0000025276db6da2 sp=0x000000adebaee508 mode 2
Event: 3.855 Thread 0x000002527fbdc3c0 Uncommon trap: trap_request=0xffffff45 fr.pc=0x000002527741783c relative=0x000000000000021c
Event: 3.855 Thread 0x000002527fbdc3c0 Uncommon trap: reason=unstable_if action=reinterpret pc=0x000002527741783c method=org.lombokweb.asm.Label.resolve([BLorg/lombokweb/asm/ByteVector;I)Z @ 81 c2
Event: 3.855 Thread 0x000002527fbdc3c0 DEOPT PACKING pc=0x000002527741783c sp=0x000000adebaee570
Event: 3.855 Thread 0x000002527fbdc3c0 DEOPT UNPACKING pc=0x0000025276db6da2 sp=0x000000adebaee500 mode 2
Event: 3.986 Thread 0x000002527fbdc3c0 DEOPT PACKING pc=0x000002526f94bb26 sp=0x000000adebaf9400
Event: 3.986 Thread 0x000002527fbdc3c0 DEOPT UNPACKING pc=0x0000025276db78e2 sp=0x000000adebaf88f8 mode 0
Event: 4.106 Thread 0x000002527fbdc3c0 Uncommon trap: trap_request=0xffffff45 fr.pc=0x0000025277394d84 relative=0x0000000000000fa4
Event: 4.106 Thread 0x000002527fbdc3c0 Uncommon trap: reason=unstable_if action=reinterpret pc=0x0000025277394d84 method=jdk.internal.jimage.ImageStringsReader.stringFromByteBufferMatches(Ljava/nio/ByteBuffer;ILjava/lang/String;I)I @ 48 c2
Event: 4.106 Thread 0x000002527fbdc3c0 DEOPT PACKING pc=0x0000025277394d84 sp=0x000000adebaf4010
Event: 4.106 Thread 0x000002527fbdc3c0 DEOPT UNPACKING pc=0x0000025276db6da2 sp=0x000000adebaf3d48 mode 2
Event: 4.193 Thread 0x000002527fbdc3c0 DEOPT PACKING pc=0x000002526fbdb6b5 sp=0x000000adebaf7600
Event: 4.193 Thread 0x000002527fbdc3c0 DEOPT UNPACKING pc=0x0000025276db78e2 sp=0x000000adebaf6b10 mode 0
Event: 4.209 Thread 0x000002527fbdc3c0 Uncommon trap: trap_request=0xffffffc6 fr.pc=0x00000252773ba498 relative=0x0000000000000a98
Event: 4.209 Thread 0x000002527fbdc3c0 Uncommon trap: reason=bimorphic_or_optimized_type_check action=maybe_recompile pc=0x00000252773ba498 method=java.util.HashMap.putVal(ILjava/lang/Object;Ljava/lang/Object;ZZ)Ljava/lang/Object; @ 56 c2
Event: 4.209 Thread 0x000002527fbdc3c0 DEOPT PACKING pc=0x00000252773ba498 sp=0x000000adebaf9440
Event: 4.209 Thread 0x000002527fbdc3c0 DEOPT UNPACKING pc=0x0000025276db6da2 sp=0x000000adebaf9340 mode 2

Classes loaded (20 events):
Event: 3.449 Loading class java/util/zip/GZIPInputStream
Event: 3.450 Loading class java/util/zip/GZIPInputStream done
Event: 3.451 Loading class java/util/zip/GZIPOutputStream
Event: 3.451 Loading class java/util/zip/GZIPOutputStream done
Event: 3.453 Loading class java/net/SocketTimeoutException
Event: 3.454 Loading class java/io/InterruptedIOException
Event: 3.454 Loading class java/io/InterruptedIOException done
Event: 3.454 Loading class java/net/SocketTimeoutException done
Event: 3.454 Loading class java/net/SocketException
Event: 3.454 Loading class java/net/SocketException done
Event: 3.454 Loading class java/net/UnknownHostException
Event: 3.454 Loading class java/net/UnknownHostException done
Event: 3.454 Loading class java/net/ProtocolException
Event: 3.454 Loading class java/net/ProtocolException done
Event: 3.469 Loading class java/lang/ThreadLocal$SuppliedThreadLocal
Event: 3.469 Loading class java/lang/ThreadLocal$SuppliedThreadLocal done
Event: 3.558 Loading class java/io/FileWriter
Event: 3.558 Loading class java/io/FileWriter done
Event: 3.567 Loading class java/lang/NegativeArraySizeException
Event: 3.567 Loading class java/lang/NegativeArraySizeException done

Classes unloaded (0 events):
No events

Classes redefined (0 events):
No events

Internal exceptions (20 events):
Event: 3.205 Thread 0x000002527fbdc3c0 Exception <a 'java/io/FileNotFoundException'{0x00000000d5766048}> (0x00000000d5766048) 
thrown [s\src\hotspot\share\prims\jni.cpp, line 520]
Event: 3.304 Thread 0x000002527fbdc3c0 Exception <a 'java/lang/NoSuchMethodError'{0x00000000d5c8c508}: 'java.lang.Object java.lang.invoke.DirectMethodHandle$Holder.newInvokeSpecial(java.lang.Object, java.lang.Object, java.lang.Object, java.lang.Object, java.lang.Object)'> (0x00000000d5c8c508) 
thrown [s\src\hotspot\share\interpreter\linkResolver.cpp, line 773]
Event: 3.320 Thread 0x000002527fbdc3c0 Exception <a 'java/lang/NoSuchMethodError'{0x00000000d5d6b9e0}: 'java.lang.Object java.lang.invoke.DirectMethodHandle$Holder.invokeSpecial(java.lang.Object, java.lang.Object, java.lang.Object, long, java.lang.Object)'> (0x00000000d5d6b9e0) 
thrown [s\src\hotspot\share\interpreter\linkResolver.cpp, line 773]
Event: 3.321 Thread 0x000002527fbdc3c0 Exception <a 'java/lang/NoSuchMethodError'{0x00000000d5d73228}: 'java.lang.Object java.lang.invoke.DirectMethodHandle$Holder.newInvokeSpecial(java.lang.Object, java.lang.Object, java.lang.Object, long)'> (0x00000000d5d73228) 
thrown [s\src\hotspot\share\interpreter\linkResolver.cpp, line 773]
Event: 3.322 Thread 0x000002527fbdc3c0 Exception <a 'java/lang/NoSuchMethodError'{0x00000000d5d77618}: 'java.lang.Object java.lang.invoke.DirectMethodHandle$Holder.invokeSpecial(java.lang.Object, java.lang.Object, java.lang.Object, java.lang.Object, long)'> (0x00000000d5d77618) 
thrown [s\src\hotspot\share\interpreter\linkResolver.cpp, line 773]
Event: 3.322 Thread 0x000002527fbdc3c0 Exception <a 'java/lang/NoSuchMethodError'{0x00000000d5d7b238}: 'java.lang.Object java.lang.invoke.Invokers$Holder.linkToTargetMethod(java.lang.Object, java.lang.Object, long, java.lang.Object)'> (0x00000000d5d7b238) 
thrown [s\src\hotspot\share\interpreter\linkResolver.cpp, line 773]
Event: 3.330 Thread 0x000002527fbdc3c0 Exception <a 'java/lang/NoSuchMethodError'{0x00000000d5deda20}: 'int java.lang.invoke.DirectMethodHandle$Holder.invokeStaticInit(java.lang.Object, java.lang.Object, java.lang.Object)'> (0x00000000d5deda20) 
thrown [s\src\hotspot\share\interpreter\linkResolver.cpp, line 773]
Event: 3.343 Thread 0x000002527fbdc3c0 Exception <a 'java/lang/IncompatibleClassChangeError'{0x00000000d5e7db08}: Found class java.lang.Object, but interface was expected> (0x00000000d5e7db08) 
thrown [s\src\hotspot\share\interpreter\linkResolver.cpp, line 840]
Event: 3.344 Thread 0x000002527fbdc3c0 Exception <a 'java/lang/NoSuchMethodError'{0x00000000d5e81650}: 'java.lang.Object java.lang.invoke.DirectMethodHandle$Holder.invokeSpecial(java.lang.Object, java.lang.Object, java.lang.Object, int, java.lang.Object, java.lang.Object)'> (0x00000000d5e81650) 
thrown [s\src\hotspot\share\interpreter\linkResolver.cpp, line 773]
Event: 3.344 Thread 0x000002527fbdc3c0 Exception <a 'java/lang/NoSuchMethodError'{0x00000000d5e89128}: 'java.lang.Object java.lang.invoke.DirectMethodHandle$Holder.newInvokeSpecial(java.lang.Object, java.lang.Object, java.lang.Object, int, java.lang.Object)'> (0x00000000d5e89128) 
thrown [s\src\hotspot\share\interpreter\linkResolver.cpp, line 773]
Event: 3.345 Thread 0x000002527fbdc3c0 Exception <a 'java/lang/NoSuchMethodError'{0x00000000d5e8d0e8}: 'java.lang.Object java.lang.invoke.DirectMethodHandle$Holder.invokeSpecial(java.lang.Object, java.lang.Object, java.lang.Object, java.lang.Object, int, java.lang.Object)'> (0x00000000d5e8d0e8) 
thrown [s\src\hotspot\share\interpreter\linkResolver.cpp, line 773]
Event: 3.345 Thread 0x000002527fbdc3c0 Exception <a 'java/lang/NoSuchMethodError'{0x00000000d5e90c28}: 'java.lang.Object java.lang.invoke.Invokers$Holder.linkToTargetMethod(java.lang.Object, java.lang.Object, int, java.lang.Object, java.lang.Object)'> (0x00000000d5e90c28) 
thrown [s\src\hotspot\share\interpreter\linkResolver.cpp, line 773]
Event: 3.345 Thread 0x000002527fbdb010 Exception <a 'java/lang/NoSuchMethodError'{0x00000000d5dd25e8}: 'java.lang.Object java.lang.invoke.DirectMethodHandle$Holder.invokeSpecial(java.lang.Object, java.lang.Object, int, java.lang.Object, java.lang.Object)'> (0x00000000d5dd25e8) 
thrown [s\src\hotspot\share\interpreter\linkResolver.cpp, line 773]
Event: 3.346 Thread 0x000002527fbdb010 Exception <a 'java/lang/NoSuchMethodError'{0x00000000d5dd9320}: 'java.lang.Object java.lang.invoke.DirectMethodHandle$Holder.newInvokeSpecial(java.lang.Object, java.lang.Object, int, java.lang.Object)'> (0x00000000d5dd9320) 
thrown [s\src\hotspot\share\interpreter\linkResolver.cpp, line 773]
Event: 3.346 Thread 0x000002527fbdb010 Exception <a 'java/lang/NoSuchMethodError'{0x00000000d5ddcc40}: 'java.lang.Object java.lang.invoke.DirectMethodHandle$Holder.invokeSpecial(java.lang.Object, java.lang.Object, java.lang.Object, int, java.lang.Object)'> (0x00000000d5ddcc40) 
thrown [s\src\hotspot\share\interpreter\linkResolver.cpp, line 773]
Event: 3.361 Thread 0x000002527fbdc3c0 Exception <a 'java/lang/NoSuchMethodError'{0x00000000d5fda0d0}: 'void java.lang.invoke.DirectMethodHandle$Holder.invokeSpecial(java.lang.Object, java.lang.Object, java.lang.Object, java.lang.Object, java.lang.Object)'> (0x00000000d5fda0d0) 
thrown [s\src\hotspot\share\interpreter\linkResolver.cpp, line 773]
Event: 3.410 Thread 0x000002527fbdc3c0 Exception <a 'java/lang/NoSuchMethodError'{0x00000000d629a9a0}: 'double java.lang.invoke.DirectMethodHandle$Holder.invokeStatic(java.lang.Object, java.lang.Object)'> (0x00000000d629a9a0) 
thrown [s\src\hotspot\share\interpreter\linkResolver.cpp, line 773]
Event: 3.410 Thread 0x000002527fbdc3c0 Exception <a 'java/lang/NoSuchMethodError'{0x00000000d629e060}: 'double java.lang.invoke.DirectMethodHandle$Holder.invokeStaticInit(java.lang.Object, java.lang.Object)'> (0x00000000d629e060) 
thrown [s\src\hotspot\share\interpreter\linkResolver.cpp, line 773]
Event: 3.854 Thread 0x000002527fbdc3c0 Implicit null exception at 0x00000252774171f5 to 0x0000025277417308
Event: 4.221 Thread 0x000002527fbdc3c0 Exception <a 'java/lang/NoSuchMethodError'{0x00000000d68760f8}: 'java.lang.Object java.lang.invoke.DirectMethodHandle$Holder.newInvokeSpecial(java.lang.Object, int, java.lang.Object, java.lang.Object)'> (0x00000000d68760f8) 
thrown [s\src\hotspot\share\interpreter\linkResolver.cpp, line 773]

ZGC Phase Switch (0 events):
No events

VM Operations (20 events):
Event: 2.433 Executing VM operation: ParallelGCFailedAllocation (Allocation Failure)
Event: 2.439 Executing VM operation: ParallelGCFailedAllocation (Allocation Failure) done
Event: 2.601 Executing VM operation: HandshakeAllThreads (Deoptimize)
Event: 2.601 Executing VM operation: HandshakeAllThreads (Deoptimize) done
Event: 2.946 Executing VM operation: HandshakeAllThreads (Deoptimize)
Event: 2.946 Executing VM operation: HandshakeAllThreads (Deoptimize) done
Event: 3.152 Executing VM operation: ParallelGCFailedAllocation (Allocation Failure)
Event: 3.159 Executing VM operation: ParallelGCFailedAllocation (Allocation Failure) done
Event: 3.223 Executing VM operation: HandshakeAllThreads (Deoptimize)
Event: 3.223 Executing VM operation: HandshakeAllThreads (Deoptimize) done
Event: 3.227 Executing VM operation: HandshakeAllThreads (Deoptimize)
Event: 3.227 Executing VM operation: HandshakeAllThreads (Deoptimize) done
Event: 3.246 Executing VM operation: HandshakeAllThreads (Deoptimize)
Event: 3.246 Executing VM operation: HandshakeAllThreads (Deoptimize) done
Event: 3.530 Executing VM operation: ParallelGCFailedAllocation (Allocation Failure)
Event: 3.536 Executing VM operation: ParallelGCFailedAllocation (Allocation Failure) done
Event: 3.978 Executing VM operation: ParallelGCFailedAllocation (Allocation Failure)
Event: 3.984 Executing VM operation: ParallelGCFailedAllocation (Allocation Failure) done
Event: 4.181 Executing VM operation: HandshakeAllThreads (Deoptimize)
Event: 4.182 Executing VM operation: HandshakeAllThreads (Deoptimize) done

Memory protections (0 events):
No events

Nmethod flushes (0 events):
No events

Events (20 events):
Event: 0.112 Thread 0x000002526c63cf70 Thread added: 0x000002526c552f20
Event: 0.112 Thread 0x000002526c63cf70 Thread added: 0x000002526c555680
Event: 0.135 Thread 0x000002526c63cf70 Thread added: 0x000002527fbda980
Event: 0.596 Thread 0x000002526c63cf70 Thread added: 0x000002527fbdb6a0
Event: 0.877 Thread 0x000002526c552f20 Thread added: 0x000002527ff55440
Event: 0.995 Thread 0x000002527ff55440 Thread exited: 0x000002527ff55440
Event: 1.032 Thread 0x000002526c555680 Thread added: 0x000002524918e220
Event: 2.111 Thread 0x000002526c63cf70 Thread added: 0x000002527fbdd0e0
Event: 2.390 Thread 0x000002526c63cf70 Thread added: 0x000002527fbdbd30
Event: 2.397 Thread 0x000002526c63cf70 Thread added: 0x000002527fbdc3c0
Event: 2.448 Thread 0x000002527fbdc3c0 Thread added: 0x000002527fbdca50
Event: 2.565 Thread 0x000002524918e220 Thread exited: 0x000002524918e220
Event: 2.582 Thread 0x000002527fbdc3c0 Thread added: 0x000002527fbd9c60
Event: 2.707 Thread 0x000002526c555680 Thread added: 0x00000252497e2360
Event: 2.844 Thread 0x00000252497e2360 Thread exited: 0x00000252497e2360
Event: 2.951 Thread 0x000002526c555680 Thread added: 0x00000252497a2490
Event: 2.995 Thread 0x000002527fbdc3c0 Thread added: 0x000002527fbda2f0
Event: 3.325 Thread 0x000002527fbdc3c0 Thread added: 0x000002527fbdb010
Event: 3.346 Thread 0x000002527fbdc3c0 Thread added: 0x0000025249a60c90
Event: 4.212 Thread 0x000002527fbdc3c0 Thread added: 0x0000025249a61320


Dynamic libraries:
0x00007ff7a6000000 - 0x00007ff7a600e000 	c:\Users\Isuru\.vscode\extensions\redhat.java-1.43.1-win32-x64\jre\21.0.7-win32-x86_64\bin\java.exe
0x00007ffc1ff60000 - 0x00007ffc201c8000 	C:\WINDOWS\SYSTEM32\ntdll.dll
0x00007ffc1dd20000 - 0x00007ffc1dde9000 	C:\WINDOWS\System32\KERNEL32.DLL
0x00007ffc1d7c0000 - 0x00007ffc1dbad000 	C:\WINDOWS\System32\KERNELBASE.dll
0x00007ffc1dbb0000 - 0x00007ffc1dcfb000 	C:\WINDOWS\System32\ucrtbase.dll
0x00007ffc0a9f0000 - 0x00007ffc0aa0e000 	c:\Users\Isuru\.vscode\extensions\redhat.java-1.43.1-win32-x64\jre\21.0.7-win32-x86_64\bin\VCRUNTIME140.dll
0x00007ffc0a360000 - 0x00007ffc0a378000 	c:\Users\Isuru\.vscode\extensions\redhat.java-1.43.1-win32-x64\jre\21.0.7-win32-x86_64\bin\jli.dll
0x00007ffc1dfe0000 - 0x00007ffc1e1ac000 	C:\WINDOWS\System32\USER32.dll
0x00007ffc1d200000 - 0x00007ffc1d227000 	C:\WINDOWS\System32\win32u.dll
0x00007ffc1fe30000 - 0x00007ffc1fe5b000 	C:\WINDOWS\System32\GDI32.dll
0x00007ffc1d500000 - 0x00007ffc1d637000 	C:\WINDOWS\System32\gdi32full.dll
0x00007ffc1d450000 - 0x00007ffc1d4f3000 	C:\WINDOWS\System32\msvcp_win.dll
0x00007ffc0a0c0000 - 0x00007ffc0a35a000 	C:\WINDOWS\WinSxS\amd64_microsoft.windows.common-controls_6595b64144ccf1df_6.0.26100.4484_none_3e0e6d4ce32ef3b3\COMCTL32.dll
0x00007ffc1e1e0000 - 0x00007ffc1e289000 	C:\WINDOWS\System32\msvcrt.dll
0x00007ffc1dee0000 - 0x00007ffc1df0f000 	C:\WINDOWS\System32\IMM32.DLL
0x00007ffc14d90000 - 0x00007ffc14d9c000 	c:\Users\Isuru\.vscode\extensions\redhat.java-1.43.1-win32-x64\jre\21.0.7-win32-x86_64\bin\vcruntime140_1.dll
0x00007ffbea0c0000 - 0x00007ffbea14d000 	c:\Users\Isuru\.vscode\extensions\redhat.java-1.43.1-win32-x64\jre\21.0.7-win32-x86_64\bin\msvcp140.dll
0x00007ffbb79a0000 - 0x00007ffbb8730000 	c:\Users\Isuru\.vscode\extensions\redhat.java-1.43.1-win32-x64\jre\21.0.7-win32-x86_64\bin\server\jvm.dll
0x00007ffc1fe60000 - 0x00007ffc1ff14000 	C:\WINDOWS\System32\ADVAPI32.dll
0x00007ffc1f860000 - 0x00007ffc1f906000 	C:\WINDOWS\System32\sechost.dll
0x00007ffc1f2d0000 - 0x00007ffc1f3e8000 	C:\WINDOWS\System32\RPCRT4.dll
0x00007ffc1f6e0000 - 0x00007ffc1f754000 	C:\WINDOWS\System32\WS2_32.dll
0x00007ffc1c910000 - 0x00007ffc1c96e000 	C:\WINDOWS\SYSTEM32\POWRPROF.dll
0x00007ffc05530000 - 0x00007ffc05565000 	C:\WINDOWS\SYSTEM32\WINMM.dll
0x00007ffc0d2a0000 - 0x00007ffc0d2ab000 	C:\WINDOWS\SYSTEM32\VERSION.dll
0x00007ffc1c7d0000 - 0x00007ffc1c7e4000 	C:\WINDOWS\SYSTEM32\UMPDC.dll
0x00007ffc1b580000 - 0x00007ffc1b59b000 	C:\WINDOWS\SYSTEM32\kernel.appcore.dll
0x00007ffc0b800000 - 0x00007ffc0b80a000 	c:\Users\Isuru\.vscode\extensions\redhat.java-1.43.1-win32-x64\jre\21.0.7-win32-x86_64\bin\jimage.dll
0x00007ffc1c9a0000 - 0x00007ffc1cbe1000 	C:\WINDOWS\SYSTEM32\DBGHELP.DLL
0x00007ffc1e360000 - 0x00007ffc1e6e6000 	C:\WINDOWS\System32\combase.dll
0x00007ffc1ddf0000 - 0x00007ffc1ded0000 	C:\WINDOWS\System32\OLEAUT32.dll
0x00007ffc1c7f0000 - 0x00007ffc1c833000 	C:\WINDOWS\SYSTEM32\dbgcore.DLL
0x00007ffc1d230000 - 0x00007ffc1d2c9000 	C:\WINDOWS\System32\bcryptPrimitives.dll
0x00007ffc0b730000 - 0x00007ffc0b73f000 	c:\Users\Isuru\.vscode\extensions\redhat.java-1.43.1-win32-x64\jre\21.0.7-win32-x86_64\bin\instrument.dll
0x00007ffc09360000 - 0x00007ffc0937f000 	c:\Users\Isuru\.vscode\extensions\redhat.java-1.43.1-win32-x64\jre\21.0.7-win32-x86_64\bin\java.dll
0x00007ffc1eb20000 - 0x00007ffc1f26a000 	C:\WINDOWS\System32\SHELL32.dll
0x00007ffc1d640000 - 0x00007ffc1d7b4000 	C:\WINDOWS\System32\wintypes.dll
0x00007ffc1a3f0000 - 0x00007ffc1ac4b000 	C:\WINDOWS\SYSTEM32\windows.storage.dll
0x00007ffc1f3f0000 - 0x00007ffc1f4e5000 	C:\WINDOWS\System32\SHCORE.dll
0x00007ffc1e2f0000 - 0x00007ffc1e35a000 	C:\WINDOWS\System32\shlwapi.dll
0x00007ffc1cfc0000 - 0x00007ffc1cfef000 	C:\WINDOWS\SYSTEM32\profapi.dll
0x00007ffc085d0000 - 0x00007ffc085e8000 	c:\Users\Isuru\.vscode\extensions\redhat.java-1.43.1-win32-x64\jre\21.0.7-win32-x86_64\bin\zip.dll
0x00007ffc0b650000 - 0x00007ffc0b660000 	C:\Users\Isuru\.vscode\extensions\redhat.java-1.43.1-win32-x64\jre\21.0.7-win32-x86_64\bin\net.dll
0x00007ffc0d2e0000 - 0x00007ffc0d3fe000 	C:\WINDOWS\SYSTEM32\WINHTTP.dll
0x00007ffc1bcd0000 - 0x00007ffc1bd3a000 	C:\WINDOWS\system32\mswsock.dll
0x00007ffc084d0000 - 0x00007ffc084e6000 	C:\Users\Isuru\.vscode\extensions\redhat.java-1.43.1-win32-x64\jre\21.0.7-win32-x86_64\bin\nio.dll
0x00007ffc0b540000 - 0x00007ffc0b550000 	c:\Users\Isuru\.vscode\extensions\redhat.java-1.43.1-win32-x64\jre\21.0.7-win32-x86_64\bin\verify.dll
0x00007ffc06e40000 - 0x00007ffc06e85000 	C:\Users\Isuru\AppData\Roaming\Code\User\globalStorage\redhat.java\1.43.1\config_ss_win\org.eclipse.equinox.launcher\org.eclipse.equinox.launcher.win32.win32.x86_64_1.2.1300.v20250331-1702\eclipse_11911.dll
0x00007ffc1e6f0000 - 0x00007ffc1e88e000 	C:\WINDOWS\System32\ole32.dll

dbghelp: loaded successfully - version: 4.0.5 - missing functions: none
symbol engine: initialized successfully - sym options: 0x614 - pdb path: .;c:\Users\Isuru\.vscode\extensions\redhat.java-1.43.1-win32-x64\jre\21.0.7-win32-x86_64\bin;C:\WINDOWS\SYSTEM32;C:\WINDOWS\WinSxS\amd64_microsoft.windows.common-controls_6595b64144ccf1df_6.0.26100.4484_none_3e0e6d4ce32ef3b3;c:\Users\Isuru\.vscode\extensions\redhat.java-1.43.1-win32-x64\jre\21.0.7-win32-x86_64\bin\server;C:\Users\Isuru\AppData\Roaming\Code\User\globalStorage\redhat.java\1.43.1\config_ss_win\org.eclipse.equinox.launcher\org.eclipse.equinox.launcher.win32.win32.x86_64_1.2.1300.v20250331-1702

VM Arguments:
jvm_args: --add-modules=ALL-SYSTEM --add-opens=java.base/java.util=ALL-UNNAMED --add-opens=java.base/java.lang=ALL-UNNAMED --add-opens=java.base/sun.nio.fs=ALL-UNNAMED -Declipse.application=org.eclipse.jdt.ls.core.id1 -Dosgi.bundles.defaultStartLevel=4 -Declipse.product=org.eclipse.jdt.ls.core.product -Djava.import.generatesMetadataFilesAtProjectRoot=false -DDetectVMInstallationsJob.disabled=true -Dfile.encoding=utf8 -XX:+UseParallelGC -XX:GCTimeRatio=4 -XX:AdaptiveSizePolicyWeight=90 -Dsun.zip.disableMemoryMapping=true -Xmx2G -Xms100m -Xlog:disable -javaagent:c:\Users\Isuru\.vscode\extensions\redhat.java-1.43.1-win32-x64\lombok\lombok-1.18.39-4050.jar 
java_command: c:\Users\Isuru\.vscode\extensions\redhat.java-1.43.1-win32-x64\server\plugins\org.eclipse.equinox.launcher_1.7.0.v20250519-0528.jar -configuration c:\Users\Isuru\AppData\Roaming\Code\User\globalStorage\redhat.java\1.43.1\config_ss_win -data c:\Users\Isuru\AppData\Roaming\Code\User\workspaceStorage\88fd49249323cf006df150a8ac781ebd\redhat.java\ss_ws --pipe=\\.\pipe\lsp-8b2ad2f9682cf77f450a11cce1b22719-sock
java_class_path (initial): c:\Users\Isuru\.vscode\extensions\redhat.java-1.43.1-win32-x64\server\plugins\org.eclipse.equinox.launcher_1.7.0.v20250519-0528.jar
Launcher Type: SUN_STANDARD

[Global flags]
    uintx AdaptiveSizePolicyWeight                 = 90                                        {product} {command line}
     intx CICompilerCount                          = 3                                         {product} {ergonomic}
    uintx GCTimeRatio                              = 4                                         {product} {command line}
   size_t InitialHeapSize                          = 104857600                                 {product} {command line}
   size_t MaxHeapSize                              = 2147483648                                {product} {command line}
   size_t MaxNewSize                               = 715653120                                 {product} {ergonomic}
   size_t MinHeapDeltaBytes                        = 524288                                    {product} {ergonomic}
   size_t MinHeapSize                              = 104857600                                 {product} {command line}
   size_t NewSize                                  = 34603008                                  {product} {ergonomic}
    uintx NonNMethodCodeHeapSize                   = 5832780                                {pd product} {ergonomic}
    uintx NonProfiledCodeHeapSize                  = 122912730                              {pd product} {ergonomic}
   size_t OldSize                                  = 70254592                                  {product} {ergonomic}
    uintx ProfiledCodeHeapSize                     = 122912730                              {pd product} {ergonomic}
    uintx ReservedCodeCacheSize                    = 251658240                              {pd product} {ergonomic}
     bool SegmentedCodeCache                       = true                                      {product} {ergonomic}
   size_t SoftMaxHeapSize                          = 2147483648                             {manageable} {ergonomic}
     bool UseCompressedOops                        = true                           {product lp64_product} {ergonomic}
     bool UseLargePagesIndividualAllocation        = false                                  {pd product} {ergonomic}
     bool UseParallelGC                            = true                                      {product} {command line}

Logging:
Log output configuration:
 #0: stdout all=off uptime,level,tags foldmultilines=false
 #1: stderr all=off uptime,level,tags foldmultilines=false

Environment Variables:
JAVA_HOME=C:\Program Files\Java\jdk-21.0.7
PATH=C:\oraclexe\app\oracle\product\11.2.0\server\bin;C:\Program Files\Java\jdk-21.0.7\bin;C:\WINDOWS\system32;C:\WINDOWS;C:\WINDOWS\System32\Wbem;C:\WINDOWS\System32\WindowsPowerShell\v1.0\;C:\WINDOWS\System32\OpenSSH\;C:\xampp\php;C:\Program Files\MiKTeX\miktex\bin\x64\;C:\ProgramData\ComposerSetup\bin;C:\Program Files\nodejs\;C:\Program Files\dotnet\;C:\Program Files (x86)\Windows Kits\10\Windows Performance Toolkit\;C:\Program Files\Git\cmd;C:\Program Files\Docker\Docker\resources\bin;C:\apache-maven-3.6.3\bin;C:\Users\Isuru\AppData\Local\Programs\Microsoft VS Code\bin;C:\Users\Isuru\AppData\Local\Programs\Microsoft VS Code\bin;C:\Users\Isuru\AppData\Local\Microsoft\WindowsApps;;C:\Program Files\JetBrains\IntelliJ IDEA 2025.1.2\bin;
USERNAME=Isuru
OS=Windows_NT
PROCESSOR_IDENTIFIER=Intel64 Family 6 Model 140 Stepping 1, GenuineIntel
TMP=C:\Users\Isuru\AppData\Local\Temp
TEMP=C:\Users\Isuru\AppData\Local\Temp




Periodic native trim disabled

---------------  S Y S T E M  ---------------

OS:
 Windows 11 , 64 bit Build 26100 (10.0.26100.4484)
OS uptime: 4 days 2:20 hours
Hyper-V role detected

CPU: total 4 (initial active 4) (2 cores per cpu, 2 threads per core) family 6 model 140 stepping 1 microcode 0x8a, cx8, cmov, fxsr, ht, mmx, 3dnowpref, sse, sse2, sse3, ssse3, sse4.1, sse4.2, popcnt, lzcnt, tsc, tscinvbit, avx, avx2, aes, erms, clmul, bmi1, bmi2, adx, avx512f, avx512dq, avx512cd, avx512bw, avx512vl, sha, fma, vzeroupper, avx512_vpopcntdq, avx512_vpclmulqdq, avx512_vaes, avx512_vnni, clflush, clflushopt, clwb, avx512_vbmi2, avx512_vbmi, hv, rdtscp, rdpid, fsrm, gfni, avx512_bitalg, f16c, cet_ibt, cet_ss, avx512_ifma
Processor Information for the first 4 processors :
  Max Mhz: 2995, Current Mhz: 2995, Mhz Limit: 2995

Memory: 4k page, system-wide physical 7971M (478M free)
TotalPageFile size 14649M (AvailPageFile size 1M)
current process WorkingSet (physical memory assigned to process): 149M, peak: 149M
current process commit charge ("private bytes"): 270M, peak: 272M

vm_info: OpenJDK 64-Bit Server VM (21.0.7+6-LTS) for windows-amd64 JRE (21.0.7+6-LTS), built on 2025-04-15T00:00:00Z by "admin" with MS VC++ 17.7 (VS2022)

END.
